{"/Users/ajayreddy/Workspace/projects/donkey-type/frontend/src/App.tsx": {"path":"/Users/ajayreddy/Workspace/projects/donkey-type/frontend/src/App.tsx","all":false,"statementMap":{"0":{"start":{"line":1,"column":0},"end":{"line":1,"column":83}},"1":{"start":{"line":2,"column":0},"end":{"line":2,"column":52}},"2":{"start":{"line":3,"column":0},"end":{"line":3,"column":31}},"3":{"start":{"line":4,"column":0},"end":{"line":4,"column":39}},"4":{"start":{"line":5,"column":0},"end":{"line":5,"column":45}},"5":{"start":{"line":6,"column":0},"end":{"line":6,"column":33}},"6":{"start":{"line":7,"column":0},"end":{"line":7,"column":39}},"7":{"start":{"line":8,"column":0},"end":{"line":8,"column":40}},"8":{"start":{"line":9,"column":0},"end":{"line":9,"column":0}},"9":{"start":{"line":10,"column":0},"end":{"line":10,"column":16}},"10":{"start":{"line":11,"column":0},"end":{"line":11,"column":10}},"11":{"start":{"line":12,"column":0},"end":{"line":12,"column":18}},"12":{"start":{"line":13,"column":0},"end":{"line":13,"column":14}},"13":{"start":{"line":14,"column":0},"end":{"line":14,"column":51}},"14":{"start":{"line":15,"column":0},"end":{"line":15,"column":20}},"15":{"start":{"line":16,"column":0},"end":{"line":16,"column":18}},"16":{"start":{"line":17,"column":0},"end":{"line":17,"column":49}},"17":{"start":{"line":18,"column":0},"end":{"line":18,"column":61}},"18":{"start":{"line":19,"column":0},"end":{"line":19,"column":67}},"19":{"start":{"line":20,"column":0},"end":{"line":20,"column":55}},"20":{"start":{"line":21,"column":0},"end":{"line":21,"column":61}},"21":{"start":{"line":22,"column":0},"end":{"line":22,"column":68}},"22":{"start":{"line":23,"column":0},"end":{"line":23,"column":19}},"23":{"start":{"line":24,"column":0},"end":{"line":24,"column":14}},"24":{"start":{"line":25,"column":0},"end":{"line":25,"column":15}},"25":{"start":{"line":26,"column":0},"end":{"line":26,"column":19}},"26":{"start":{"line":27,"column":0},"end":{"line":27,"column":3}},"27":{"start":{"line":28,"column":0},"end":{"line":28,"column":1}},"28":{"start":{"line":29,"column":0},"end":{"line":29,"column":0}},"29":{"start":{"line":30,"column":0},"end":{"line":30,"column":18}}},"s":{"0":1,"1":1,"2":1,"3":1,"4":1,"5":1,"6":1,"7":1,"8":1,"9":6,"10":6,"11":6,"12":6,"13":6,"14":6,"15":6,"16":6,"17":6,"18":6,"19":6,"20":6,"21":6,"22":6,"23":6,"24":6,"25":6,"26":6,"27":6,"28":1,"29":1},"branchMap":{"0":{"type":"branch","line":10,"loc":{"start":{"line":10,"column":0},"end":{"line":28,"column":1}},"locations":[{"start":{"line":10,"column":0},"end":{"line":28,"column":1}}]}},"b":{"0":[6]},"fnMap":{"0":{"name":"App","decl":{"start":{"line":10,"column":0},"end":{"line":28,"column":1}},"loc":{"start":{"line":10,"column":0},"end":{"line":28,"column":1}},"line":10}},"f":{"0":6}}
,"/Users/ajayreddy/Workspace/projects/donkey-type/frontend/src/main.tsx": {"path":"/Users/ajayreddy/Workspace/projects/donkey-type/frontend/src/main.tsx","all":false,"statementMap":{"0":{"start":{"line":1,"column":0},"end":{"line":1,"column":25}},"1":{"start":{"line":2,"column":0},"end":{"line":2,"column":39}},"2":{"start":{"line":3,"column":0},"end":{"line":3,"column":27}},"3":{"start":{"line":4,"column":0},"end":{"line":4,"column":20}},"4":{"start":{"line":5,"column":0},"end":{"line":5,"column":0}},"5":{"start":{"line":6,"column":0},"end":{"line":6,"column":61}},"6":{"start":{"line":7,"column":0},"end":{"line":7,"column":20}},"7":{"start":{"line":8,"column":0},"end":{"line":8,"column":11}},"8":{"start":{"line":9,"column":0},"end":{"line":9,"column":22}},"9":{"start":{"line":10,"column":0},"end":{"line":10,"column":1}}},"s":{"0":1,"1":1,"2":1,"3":1,"4":1,"5":1,"6":1,"7":1,"8":1,"9":1},"branchMap":{},"b":{},"fnMap":{},"f":{}}
,"/Users/ajayreddy/Workspace/projects/donkey-type/frontend/src/components/Navbar.tsx": {"path":"/Users/ajayreddy/Workspace/projects/donkey-type/frontend/src/components/Navbar.tsx","all":false,"statementMap":{"0":{"start":{"line":1,"column":0},"end":{"line":1,"column":52}},"1":{"start":{"line":2,"column":0},"end":{"line":2,"column":48}},"2":{"start":{"line":3,"column":0},"end":{"line":3,"column":0}},"3":{"start":{"line":4,"column":0},"end":{"line":4,"column":22}},"4":{"start":{"line":5,"column":0},"end":{"line":5,"column":53}},"5":{"start":{"line":6,"column":0},"end":{"line":6,"column":32}},"6":{"start":{"line":7,"column":0},"end":{"line":7,"column":0}},"7":{"start":{"line":8,"column":0},"end":{"line":8,"column":30}},"8":{"start":{"line":9,"column":0},"end":{"line":9,"column":12}},"9":{"start":{"line":10,"column":0},"end":{"line":10,"column":17}},"10":{"start":{"line":11,"column":0},"end":{"line":11,"column":3}},"11":{"start":{"line":12,"column":0},"end":{"line":12,"column":0}},"12":{"start":{"line":13,"column":0},"end":{"line":13,"column":10}},"13":{"start":{"line":14,"column":0},"end":{"line":14,"column":60}},"14":{"start":{"line":15,"column":0},"end":{"line":15,"column":62}},"15":{"start":{"line":16,"column":0},"end":{"line":16,"column":51}},"16":{"start":{"line":17,"column":0},"end":{"line":17,"column":45}},"17":{"start":{"line":18,"column":0},"end":{"line":18,"column":110}},"18":{"start":{"line":19,"column":0},"end":{"line":19,"column":25}},"19":{"start":{"line":20,"column":0},"end":{"line":20,"column":19}},"20":{"start":{"line":21,"column":0},"end":{"line":21,"column":50}},"21":{"start":{"line":22,"column":0},"end":{"line":22,"column":19}},"22":{"start":{"line":23,"column":0},"end":{"line":23,"column":22}},"23":{"start":{"line":24,"column":0},"end":{"line":24,"column":137}},"24":{"start":{"line":25,"column":0},"end":{"line":25,"column":15}},"25":{"start":{"line":26,"column":0},"end":{"line":26,"column":20}},"26":{"start":{"line":27,"column":0},"end":{"line":27,"column":21}},"27":{"start":{"line":28,"column":0},"end":{"line":28,"column":19}},"28":{"start":{"line":29,"column":0},"end":{"line":29,"column":30}},"29":{"start":{"line":30,"column":0},"end":{"line":30,"column":137}},"30":{"start":{"line":31,"column":0},"end":{"line":31,"column":15}},"31":{"start":{"line":32,"column":0},"end":{"line":32,"column":24}},"32":{"start":{"line":33,"column":0},"end":{"line":33,"column":21}},"33":{"start":{"line":34,"column":0},"end":{"line":34,"column":19}},"34":{"start":{"line":35,"column":0},"end":{"line":35,"column":33}},"35":{"start":{"line":36,"column":0},"end":{"line":36,"column":137}},"36":{"start":{"line":37,"column":0},"end":{"line":37,"column":15}},"37":{"start":{"line":38,"column":0},"end":{"line":38,"column":27}},"38":{"start":{"line":39,"column":0},"end":{"line":39,"column":21}},"39":{"start":{"line":40,"column":0},"end":{"line":40,"column":18}},"40":{"start":{"line":41,"column":0},"end":{"line":41,"column":16}},"41":{"start":{"line":42,"column":0},"end":{"line":42,"column":55}},"42":{"start":{"line":43,"column":0},"end":{"line":43,"column":32}},"43":{"start":{"line":44,"column":0},"end":{"line":44,"column":16}},"44":{"start":{"line":45,"column":0},"end":{"line":45,"column":57}},"45":{"start":{"line":46,"column":0},"end":{"line":46,"column":93}},"46":{"start":{"line":47,"column":0},"end":{"line":47,"column":23}},"47":{"start":{"line":48,"column":0},"end":{"line":48,"column":23}},"48":{"start":{"line":49,"column":0},"end":{"line":49,"column":40}},"49":{"start":{"line":50,"column":0},"end":{"line":50,"column":131}},"50":{"start":{"line":51,"column":0},"end":{"line":51,"column":17}},"51":{"start":{"line":52,"column":0},"end":{"line":52,"column":24}},"52":{"start":{"line":53,"column":0},"end":{"line":53,"column":25}},"53":{"start":{"line":54,"column":0},"end":{"line":54,"column":17}},"54":{"start":{"line":55,"column":0},"end":{"line":55,"column":17}},"55":{"start":{"line":56,"column":0},"end":{"line":56,"column":19}},"56":{"start":{"line":57,"column":0},"end":{"line":57,"column":27}},"57":{"start":{"line":58,"column":0},"end":{"line":58,"column":107}},"58":{"start":{"line":59,"column":0},"end":{"line":59,"column":15}},"59":{"start":{"line":60,"column":0},"end":{"line":60,"column":21}},"60":{"start":{"line":61,"column":0},"end":{"line":61,"column":21}},"61":{"start":{"line":62,"column":0},"end":{"line":62,"column":14}},"62":{"start":{"line":63,"column":0},"end":{"line":63,"column":16}},"63":{"start":{"line":64,"column":0},"end":{"line":64,"column":14}},"64":{"start":{"line":65,"column":0},"end":{"line":65,"column":12}},"65":{"start":{"line":66,"column":0},"end":{"line":66,"column":10}},"66":{"start":{"line":67,"column":0},"end":{"line":67,"column":3}},"67":{"start":{"line":68,"column":0},"end":{"line":68,"column":1}},"68":{"start":{"line":69,"column":0},"end":{"line":69,"column":0}},"69":{"start":{"line":70,"column":0},"end":{"line":70,"column":21}}},"s":{"0":1,"1":1,"2":1,"3":1,"4":4,"5":4,"6":4,"7":4,"8":1,"9":1,"10":1,"11":4,"12":4,"13":4,"14":4,"15":4,"16":4,"17":4,"18":4,"19":4,"20":4,"21":4,"22":4,"23":4,"24":4,"25":4,"26":4,"27":4,"28":4,"29":4,"30":4,"31":4,"32":4,"33":4,"34":4,"35":4,"36":4,"37":4,"38":4,"39":4,"40":4,"41":4,"42":4,"43":2,"44":2,"45":2,"46":2,"47":2,"48":2,"49":2,"50":2,"51":2,"52":2,"53":2,"54":2,"55":2,"56":2,"57":2,"58":2,"59":2,"60":2,"61":4,"62":4,"63":4,"64":4,"65":4,"66":4,"67":4,"68":1,"69":1},"branchMap":{"0":{"type":"branch","line":4,"loc":{"start":{"line":4,"column":15},"end":{"line":68,"column":1}},"locations":[{"start":{"line":4,"column":15},"end":{"line":68,"column":1}}]},"1":{"type":"branch","line":43,"loc":{"start":{"line":43,"column":13},"end":{"line":54,"column":17}},"locations":[{"start":{"line":43,"column":13},"end":{"line":54,"column":17}}]},"2":{"type":"branch","line":54,"loc":{"start":{"line":54,"column":14},"end":{"line":61,"column":21}},"locations":[{"start":{"line":54,"column":14},"end":{"line":61,"column":21}}]},"3":{"type":"branch","line":8,"loc":{"start":{"line":8,"column":23},"end":{"line":11,"column":3}},"locations":[{"start":{"line":8,"column":23},"end":{"line":11,"column":3}}]}},"b":{"0":[4],"1":[2],"2":[2],"3":[1]},"fnMap":{"0":{"name":"Navbar","decl":{"start":{"line":4,"column":15},"end":{"line":68,"column":1}},"loc":{"start":{"line":4,"column":15},"end":{"line":68,"column":1}},"line":4},"1":{"name":"handleLogout","decl":{"start":{"line":8,"column":23},"end":{"line":11,"column":3}},"loc":{"start":{"line":8,"column":23},"end":{"line":11,"column":3}},"line":8}},"f":{"0":4,"1":1}}
,"/Users/ajayreddy/Workspace/projects/donkey-type/frontend/src/components/StatsDisplay.tsx": {"path":"/Users/ajayreddy/Workspace/projects/donkey-type/frontend/src/components/StatsDisplay.tsx","all":false,"statementMap":{"0":{"start":{"line":1,"column":0},"end":{"line":1,"column":25}},"1":{"start":{"line":2,"column":0},"end":{"line":2,"column":0}},"2":{"start":{"line":3,"column":0},"end":{"line":3,"column":29}},"3":{"start":{"line":4,"column":0},"end":{"line":4,"column":13}},"4":{"start":{"line":5,"column":0},"end":{"line":5,"column":18}},"5":{"start":{"line":6,"column":0},"end":{"line":6,"column":21}},"6":{"start":{"line":7,"column":0},"end":{"line":7,"column":21}},"7":{"start":{"line":8,"column":0},"end":{"line":8,"column":1}},"8":{"start":{"line":9,"column":0},"end":{"line":9,"column":0}},"9":{"start":{"line":10,"column":0},"end":{"line":10,"column":100}},"10":{"start":{"line":11,"column":0},"end":{"line":11,"column":51}},"11":{"start":{"line":12,"column":0},"end":{"line":12,"column":41}},"12":{"start":{"line":13,"column":0},"end":{"line":13,"column":29}},"13":{"start":{"line":14,"column":0},"end":{"line":14,"column":56}},"14":{"start":{"line":15,"column":0},"end":{"line":15,"column":3}},"15":{"start":{"line":16,"column":0},"end":{"line":16,"column":0}},"16":{"start":{"line":17,"column":0},"end":{"line":17,"column":10}},"17":{"start":{"line":18,"column":0},"end":{"line":18,"column":65}},"18":{"start":{"line":19,"column":0},"end":{"line":19,"column":35}},"19":{"start":{"line":20,"column":0},"end":{"line":20,"column":70}},"20":{"start":{"line":21,"column":0},"end":{"line":21,"column":86}},"21":{"start":{"line":22,"column":0},"end":{"line":22,"column":12}},"22":{"start":{"line":23,"column":0},"end":{"line":23,"column":35}},"23":{"start":{"line":24,"column":0},"end":{"line":24,"column":87}},"24":{"start":{"line":25,"column":0},"end":{"line":25,"column":91}},"25":{"start":{"line":26,"column":0},"end":{"line":26,"column":12}},"26":{"start":{"line":27,"column":0},"end":{"line":27,"column":35}},"27":{"start":{"line":28,"column":0},"end":{"line":28,"column":78}},"28":{"start":{"line":29,"column":0},"end":{"line":29,"column":89}},"29":{"start":{"line":30,"column":0},"end":{"line":30,"column":12}},"30":{"start":{"line":31,"column":0},"end":{"line":31,"column":35}},"31":{"start":{"line":32,"column":0},"end":{"line":32,"column":90}},"32":{"start":{"line":33,"column":0},"end":{"line":33,"column":87}},"33":{"start":{"line":34,"column":0},"end":{"line":34,"column":12}},"34":{"start":{"line":35,"column":0},"end":{"line":35,"column":10}},"35":{"start":{"line":36,"column":0},"end":{"line":36,"column":3}},"36":{"start":{"line":37,"column":0},"end":{"line":37,"column":1}},"37":{"start":{"line":38,"column":0},"end":{"line":38,"column":0}},"38":{"start":{"line":39,"column":0},"end":{"line":39,"column":27}}},"s":{"0":1,"1":1,"2":1,"3":1,"4":1,"5":1,"6":1,"7":1,"8":1,"9":1,"10":7,"11":7,"12":7,"13":7,"14":7,"15":7,"16":7,"17":7,"18":7,"19":7,"20":7,"21":7,"22":7,"23":7,"24":7,"25":7,"26":7,"27":7,"28":7,"29":7,"30":7,"31":7,"32":7,"33":7,"34":7,"35":7,"36":7,"37":1,"38":1},"branchMap":{"0":{"type":"branch","line":10,"loc":{"start":{"line":10,"column":50},"end":{"line":37,"column":1}},"locations":[{"start":{"line":10,"column":50},"end":{"line":37,"column":1}}]},"1":{"type":"branch","line":11,"loc":{"start":{"line":11,"column":21},"end":{"line":15,"column":3}},"locations":[{"start":{"line":11,"column":21},"end":{"line":15,"column":3}}]}},"b":{"0":[7],"1":[7]},"fnMap":{"0":{"name":"StatsDisplay","decl":{"start":{"line":10,"column":50},"end":{"line":37,"column":1}},"loc":{"start":{"line":10,"column":50},"end":{"line":37,"column":1}},"line":10},"1":{"name":"formatTime","decl":{"start":{"line":11,"column":21},"end":{"line":15,"column":3}},"loc":{"start":{"line":11,"column":21},"end":{"line":15,"column":3}},"line":11}},"f":{"0":7,"1":7}}
,"/Users/ajayreddy/Workspace/projects/donkey-type/frontend/src/components/TypingDisplay.tsx": {"path":"/Users/ajayreddy/Workspace/projects/donkey-type/frontend/src/components/TypingDisplay.tsx","all":false,"statementMap":{"0":{"start":{"line":1,"column":0},"end":{"line":1,"column":25}},"1":{"start":{"line":2,"column":0},"end":{"line":2,"column":50}},"2":{"start":{"line":3,"column":0},"end":{"line":3,"column":0}},"3":{"start":{"line":4,"column":0},"end":{"line":4,"column":30}},"4":{"start":{"line":5,"column":0},"end":{"line":5,"column":22}},"5":{"start":{"line":6,"column":0},"end":{"line":6,"column":19}},"6":{"start":{"line":7,"column":0},"end":{"line":7,"column":22}},"7":{"start":{"line":8,"column":0},"end":{"line":8,"column":28}},"8":{"start":{"line":9,"column":0},"end":{"line":9,"column":1}},"9":{"start":{"line":10,"column":0},"end":{"line":10,"column":0}},"10":{"start":{"line":11,"column":0},"end":{"line":11,"column":54}},"11":{"start":{"line":12,"column":0},"end":{"line":12,"column":15}},"12":{"start":{"line":13,"column":0},"end":{"line":13,"column":15}},"13":{"start":{"line":14,"column":0},"end":{"line":14,"column":7}},"14":{"start":{"line":15,"column":0},"end":{"line":15,"column":75}},"15":{"start":{"line":16,"column":0},"end":{"line":16,"column":74}},"16":{"start":{"line":17,"column":0},"end":{"line":17,"column":4}},"17":{"start":{"line":18,"column":0},"end":{"line":18,"column":31}},"18":{"start":{"line":19,"column":0},"end":{"line":19,"column":36}},"19":{"start":{"line":20,"column":0},"end":{"line":20,"column":40}},"20":{"start":{"line":21,"column":0},"end":{"line":21,"column":36}},"21":{"start":{"line":22,"column":0},"end":{"line":22,"column":38}},"22":{"start":{"line":23,"column":0},"end":{"line":23,"column":45}},"23":{"start":{"line":24,"column":0},"end":{"line":24,"column":14}},"24":{"start":{"line":25,"column":0},"end":{"line":25,"column":48}},"25":{"start":{"line":26,"column":0},"end":{"line":26,"column":42}},"26":{"start":{"line":27,"column":0},"end":{"line":27,"column":100}},"27":{"start":{"line":28,"column":0},"end":{"line":28,"column":15}},"28":{"start":{"line":29,"column":0},"end":{"line":29,"column":7}},"29":{"start":{"line":30,"column":0},"end":{"line":30,"column":12}},"30":{"start":{"line":31,"column":0},"end":{"line":31,"column":36}},"31":{"start":{"line":32,"column":0},"end":{"line":32,"column":5}},"32":{"start":{"line":33,"column":0},"end":{"line":33,"column":0}},"33":{"start":{"line":34,"column":0},"end":{"line":34,"column":23}},"34":{"start":{"line":35,"column":0},"end":{"line":35,"column":14}},"35":{"start":{"line":36,"column":0},"end":{"line":36,"column":48}},"36":{"start":{"line":37,"column":0},"end":{"line":37,"column":20}},"37":{"start":{"line":38,"column":0},"end":{"line":38,"column":15}},"38":{"start":{"line":39,"column":0},"end":{"line":39,"column":7}},"39":{"start":{"line":40,"column":0},"end":{"line":40,"column":5}},"40":{"start":{"line":41,"column":0},"end":{"line":41,"column":0}},"41":{"start":{"line":42,"column":0},"end":{"line":42,"column":12}},"42":{"start":{"line":43,"column":0},"end":{"line":43,"column":46}},"43":{"start":{"line":44,"column":0},"end":{"line":44,"column":14}},"44":{"start":{"line":45,"column":0},"end":{"line":45,"column":13}},"45":{"start":{"line":46,"column":0},"end":{"line":46,"column":5}},"46":{"start":{"line":47,"column":0},"end":{"line":47,"column":3}},"47":{"start":{"line":48,"column":0},"end":{"line":48,"column":0}},"48":{"start":{"line":49,"column":0},"end":{"line":49,"column":46}},"49":{"start":{"line":50,"column":0},"end":{"line":50,"column":39}},"50":{"start":{"line":51,"column":0},"end":{"line":51,"column":19}},"51":{"start":{"line":52,"column":0},"end":{"line":52,"column":0}},"52":{"start":{"line":53,"column":0},"end":{"line":53,"column":10}},"53":{"start":{"line":54,"column":0},"end":{"line":54,"column":28}},"54":{"start":{"line":55,"column":0},"end":{"line":55,"column":11}},"55":{"start":{"line":56,"column":0},"end":{"line":56,"column":54}},"56":{"start":{"line":57,"column":0},"end":{"line":57,"column":16}},"57":{"start":{"line":58,"column":0},"end":{"line":58,"column":30}},"58":{"start":{"line":59,"column":0},"end":{"line":59,"column":37}},"59":{"start":{"line":60,"column":0},"end":{"line":60,"column":31}},"60":{"start":{"line":61,"column":0},"end":{"line":61,"column":28}},"61":{"start":{"line":62,"column":0},"end":{"line":62,"column":10}},"62":{"start":{"line":63,"column":0},"end":{"line":63,"column":7}},"63":{"start":{"line":64,"column":0},"end":{"line":64,"column":41}},"64":{"start":{"line":65,"column":0},"end":{"line":65,"column":42}},"65":{"start":{"line":66,"column":0},"end":{"line":66,"column":53}},"66":{"start":{"line":67,"column":0},"end":{"line":67,"column":43}},"67":{"start":{"line":68,"column":0},"end":{"line":68,"column":65}},"68":{"start":{"line":69,"column":0},"end":{"line":69,"column":56}},"69":{"start":{"line":70,"column":0},"end":{"line":70,"column":12}},"70":{"start":{"line":71,"column":0},"end":{"line":71,"column":10}},"71":{"start":{"line":72,"column":0},"end":{"line":72,"column":52}},"72":{"start":{"line":73,"column":0},"end":{"line":73,"column":40}},"73":{"start":{"line":74,"column":0},"end":{"line":74,"column":67}},"74":{"start":{"line":75,"column":0},"end":{"line":75,"column":106}},"75":{"start":{"line":76,"column":0},"end":{"line":76,"column":10}},"76":{"start":{"line":77,"column":0},"end":{"line":77,"column":18}},"77":{"start":{"line":78,"column":0},"end":{"line":78,"column":18}},"78":{"start":{"line":79,"column":0},"end":{"line":79,"column":30}},"79":{"start":{"line":80,"column":0},"end":{"line":80,"column":71}},"80":{"start":{"line":81,"column":0},"end":{"line":81,"column":13}},"81":{"start":{"line":82,"column":0},"end":{"line":82,"column":25}},"82":{"start":{"line":83,"column":0},"end":{"line":83,"column":25}},"83":{"start":{"line":84,"column":0},"end":{"line":84,"column":19}},"84":{"start":{"line":85,"column":0},"end":{"line":85,"column":11}},"85":{"start":{"line":86,"column":0},"end":{"line":86,"column":11}},"86":{"start":{"line":87,"column":0},"end":{"line":87,"column":12}},"87":{"start":{"line":88,"column":0},"end":{"line":88,"column":10}},"88":{"start":{"line":89,"column":0},"end":{"line":89,"column":3}},"89":{"start":{"line":90,"column":0},"end":{"line":90,"column":1}},"90":{"start":{"line":91,"column":0},"end":{"line":91,"column":0}},"91":{"start":{"line":92,"column":0},"end":{"line":92,"column":28}}},"s":{"0":1,"1":1,"2":1,"3":1,"4":1,"5":1,"6":1,"7":1,"8":1,"9":1,"10":1,"11":9,"12":9,"13":9,"14":9,"15":59,"16":59,"17":59,"18":29,"19":59,"20":1,"21":30,"22":2,"23":2,"24":2,"25":2,"26":2,"27":2,"28":2,"29":29,"30":27,"31":27,"32":57,"33":59,"34":3,"35":3,"36":3,"37":3,"38":3,"39":3,"40":54,"41":54,"42":54,"43":54,"44":54,"45":59,"46":59,"47":9,"48":9,"49":9,"50":9,"51":9,"52":9,"53":9,"54":9,"55":9,"56":9,"57":9,"58":9,"59":9,"60":9,"61":9,"62":9,"63":9,"64":13,"65":13,"66":55,"67":55,"68":55,"69":13,"70":13,"71":13,"72":13,"73":13,"74":13,"75":13,"76":13,"77":13,"78":13,"79":13,"80":13,"81":13,"82":13,"83":13,"84":13,"85":9,"86":9,"87":9,"88":9,"89":9,"90":1,"91":1},"branchMap":{"0":{"type":"branch","line":11,"loc":{"start":{"line":11,"column":52},"end":{"line":90,"column":1}},"locations":[{"start":{"line":11,"column":52},"end":{"line":90,"column":1}}]},"1":{"type":"branch","line":15,"loc":{"start":{"line":15,"column":21},"end":{"line":47,"column":3}},"locations":[{"start":{"line":15,"column":21},"end":{"line":47,"column":3}}]},"2":{"type":"branch","line":18,"loc":{"start":{"line":18,"column":30},"end":{"line":20,"column":15}},"locations":[{"start":{"line":18,"column":30},"end":{"line":20,"column":15}}]},"3":{"type":"branch","line":20,"loc":{"start":{"line":20,"column":4},"end":{"line":32,"column":5}},"locations":[{"start":{"line":20,"column":4},"end":{"line":32,"column":5}}]},"4":{"type":"branch","line":20,"loc":{"start":{"line":20,"column":39},"end":{"line":22,"column":15}},"locations":[{"start":{"line":20,"column":39},"end":{"line":22,"column":15}}]},"5":{"type":"branch","line":22,"loc":{"start":{"line":22,"column":4},"end":{"line":32,"column":5}},"locations":[{"start":{"line":22,"column":4},"end":{"line":32,"column":5}}]},"6":{"type":"branch","line":22,"loc":{"start":{"line":22,"column":37},"end":{"line":30,"column":11}},"locations":[{"start":{"line":22,"column":37},"end":{"line":30,"column":11}}]},"7":{"type":"branch","line":26,"loc":{"start":{"line":26,"column":20},"end":{"line":26,"column":37}},"locations":[{"start":{"line":26,"column":20},"end":{"line":26,"column":37}}]},"8":{"type":"branch","line":26,"loc":{"start":{"line":26,"column":26},"end":{"line":26,"column":42}},"locations":[{"start":{"line":26,"column":26},"end":{"line":26,"column":42}}]},"9":{"type":"branch","line":30,"loc":{"start":{"line":30,"column":4},"end":{"line":32,"column":5}},"locations":[{"start":{"line":30,"column":4},"end":{"line":32,"column":5}}]},"10":{"type":"branch","line":32,"loc":{"start":{"line":32,"column":4},"end":{"line":34,"column":22}},"locations":[{"start":{"line":32,"column":4},"end":{"line":34,"column":22}}]},"11":{"type":"branch","line":34,"loc":{"start":{"line":34,"column":22},"end":{"line":40,"column":5}},"locations":[{"start":{"line":34,"column":22},"end":{"line":40,"column":5}}]},"12":{"type":"branch","line":40,"loc":{"start":{"line":40,"column":4},"end":{"line":45,"column":13}},"locations":[{"start":{"line":40,"column":4},"end":{"line":45,"column":13}}]},"13":{"type":"branch","line":64,"loc":{"start":{"line":64,"column":19},"end":{"line":86,"column":9}},"locations":[{"start":{"line":64,"column":19},"end":{"line":86,"column":9}}]},"14":{"type":"branch","line":74,"loc":{"start":{"line":74,"column":53},"end":{"line":74,"column":67}},"locations":[{"start":{"line":74,"column":53},"end":{"line":74,"column":67}}]},"15":{"type":"branch","line":75,"loc":{"start":{"line":75,"column":55},"end":{"line":75,"column":102}},"locations":[{"start":{"line":75,"column":55},"end":{"line":75,"column":102}}]},"16":{"type":"branch","line":75,"loc":{"start":{"line":75,"column":98},"end":{"line":75,"column":106}},"locations":[{"start":{"line":75,"column":98},"end":{"line":75,"column":106}}]},"17":{"type":"branch","line":66,"loc":{"start":{"line":66,"column":42},"end":{"line":70,"column":11}},"locations":[{"start":{"line":66,"column":42},"end":{"line":70,"column":11}}]},"18":{"type":"branch","line":68,"loc":{"start":{"line":68,"column":51},"end":{"line":68,"column":65}},"locations":[{"start":{"line":68,"column":51},"end":{"line":68,"column":65}}]}},"b":{"0":[9],"1":[59],"2":[29],"3":[30],"4":[1],"5":[29],"6":[2],"7":[1],"8":[1],"9":[27],"10":[57],"11":[3],"12":[54],"13":[13],"14":[10],"15":[4],"16":[9],"17":[55],"18":[9]},"fnMap":{"0":{"name":"TypingDisplay","decl":{"start":{"line":11,"column":52},"end":{"line":90,"column":1}},"loc":{"start":{"line":11,"column":52},"end":{"line":90,"column":1}},"line":11},"1":{"name":"renderChar","decl":{"start":{"line":15,"column":21},"end":{"line":47,"column":3}},"loc":{"start":{"line":15,"column":21},"end":{"line":47,"column":3}},"line":15}},"f":{"0":9,"1":59}}
,"/Users/ajayreddy/Workspace/projects/donkey-type/frontend/src/context/AuthContext.tsx": {"path":"/Users/ajayreddy/Workspace/projects/donkey-type/frontend/src/context/AuthContext.tsx","all":false,"statementMap":{"0":{"start":{"line":1,"column":0},"end":{"line":1,"column":88}},"1":{"start":{"line":2,"column":0},"end":{"line":2,"column":43}},"2":{"start":{"line":3,"column":0},"end":{"line":3,"column":38}},"3":{"start":{"line":4,"column":0},"end":{"line":4,"column":0}},"4":{"start":{"line":5,"column":0},"end":{"line":5,"column":27}},"5":{"start":{"line":6,"column":0},"end":{"line":6,"column":27}},"6":{"start":{"line":7,"column":0},"end":{"line":7,"column":62}},"7":{"start":{"line":8,"column":0},"end":{"line":8,"column":80}},"8":{"start":{"line":9,"column":0},"end":{"line":9,"column":20}},"9":{"start":{"line":10,"column":0},"end":{"line":10,"column":26}},"10":{"start":{"line":11,"column":0},"end":{"line":11,"column":1}},"11":{"start":{"line":12,"column":0},"end":{"line":12,"column":0}},"12":{"start":{"line":13,"column":0},"end":{"line":13,"column":73}},"13":{"start":{"line":14,"column":0},"end":{"line":14,"column":0}},"14":{"start":{"line":15,"column":0},"end":{"line":15,"column":30}},"15":{"start":{"line":16,"column":0},"end":{"line":16,"column":41}},"16":{"start":{"line":17,"column":0},"end":{"line":17,"column":30}},"17":{"start":{"line":18,"column":0},"end":{"line":18,"column":66}},"18":{"start":{"line":19,"column":0},"end":{"line":19,"column":3}},"19":{"start":{"line":20,"column":0},"end":{"line":20,"column":16}},"20":{"start":{"line":21,"column":0},"end":{"line":21,"column":1}},"21":{"start":{"line":22,"column":0},"end":{"line":22,"column":0}},"22":{"start":{"line":23,"column":0},"end":{"line":23,"column":29}},"23":{"start":{"line":24,"column":0},"end":{"line":24,"column":21}},"24":{"start":{"line":25,"column":0},"end":{"line":25,"column":1}},"25":{"start":{"line":26,"column":0},"end":{"line":26,"column":0}},"26":{"start":{"line":27,"column":0},"end":{"line":27,"column":76}},"27":{"start":{"line":28,"column":0},"end":{"line":28,"column":61}},"28":{"start":{"line":29,"column":0},"end":{"line":29,"column":0}},"29":{"start":{"line":30,"column":0},"end":{"line":30,"column":41}},"30":{"start":{"line":31,"column":0},"end":{"line":31,"column":19}},"31":{"start":{"line":32,"column":0},"end":{"line":32,"column":50}},"32":{"start":{"line":33,"column":0},"end":{"line":33,"column":20}},"33":{"start":{"line":34,"column":0},"end":{"line":34,"column":11}},"34":{"start":{"line":35,"column":0},"end":{"line":35,"column":38}},"35":{"start":{"line":36,"column":0},"end":{"line":36,"column":19}},"36":{"start":{"line":37,"column":0},"end":{"line":37,"column":39}},"37":{"start":{"line":38,"column":0},"end":{"line":38,"column":7}},"38":{"start":{"line":39,"column":0},"end":{"line":39,"column":5}},"39":{"start":{"line":40,"column":0},"end":{"line":40,"column":8}},"40":{"start":{"line":41,"column":0},"end":{"line":41,"column":0}},"41":{"start":{"line":42,"column":0},"end":{"line":42,"column":63}},"42":{"start":{"line":43,"column":0},"end":{"line":43,"column":56}},"43":{"start":{"line":44,"column":0},"end":{"line":44,"column":21}},"44":{"start":{"line":45,"column":0},"end":{"line":45,"column":58}},"45":{"start":{"line":46,"column":0},"end":{"line":46,"column":3}},"46":{"start":{"line":47,"column":0},"end":{"line":47,"column":0}},"47":{"start":{"line":48,"column":0},"end":{"line":48,"column":81}},"48":{"start":{"line":49,"column":0},"end":{"line":49,"column":66}},"49":{"start":{"line":50,"column":0},"end":{"line":50,"column":21}},"50":{"start":{"line":51,"column":0},"end":{"line":51,"column":58}},"51":{"start":{"line":52,"column":0},"end":{"line":52,"column":3}},"52":{"start":{"line":53,"column":0},"end":{"line":53,"column":0}},"53":{"start":{"line":54,"column":0},"end":{"line":54,"column":24}},"54":{"start":{"line":55,"column":0},"end":{"line":55,"column":17}},"55":{"start":{"line":56,"column":0},"end":{"line":56,"column":35}},"56":{"start":{"line":57,"column":0},"end":{"line":57,"column":3}},"57":{"start":{"line":58,"column":0},"end":{"line":58,"column":0}},"58":{"start":{"line":59,"column":0},"end":{"line":59,"column":10}},"59":{"start":{"line":60,"column":0},"end":{"line":60,"column":25}},"60":{"start":{"line":61,"column":0},"end":{"line":61,"column":14}},"61":{"start":{"line":62,"column":0},"end":{"line":62,"column":13}},"62":{"start":{"line":63,"column":0},"end":{"line":63,"column":14}},"63":{"start":{"line":64,"column":0},"end":{"line":64,"column":17}},"64":{"start":{"line":65,"column":0},"end":{"line":65,"column":15}},"65":{"start":{"line":66,"column":0},"end":{"line":66,"column":32}},"66":{"start":{"line":67,"column":0},"end":{"line":67,"column":8}},"67":{"start":{"line":68,"column":0},"end":{"line":68,"column":5}},"68":{"start":{"line":69,"column":0},"end":{"line":69,"column":16}},"69":{"start":{"line":70,"column":0},"end":{"line":70,"column":27}},"70":{"start":{"line":71,"column":0},"end":{"line":71,"column":3}},"71":{"start":{"line":72,"column":0},"end":{"line":72,"column":1}}},"s":{"0":1,"1":1,"2":1,"3":1,"4":1,"5":1,"6":1,"7":1,"8":1,"9":1,"10":1,"11":1,"12":1,"13":1,"14":1,"15":16,"16":16,"17":4,"18":4,"19":11,"20":11,"21":1,"22":1,"23":1,"24":1,"25":1,"26":1,"27":33,"28":33,"29":33,"30":33,"31":25,"32":25,"33":2,"34":2,"35":2,"36":1,"37":1,"38":2,"39":33,"40":33,"41":33,"42":2,"43":2,"44":2,"45":2,"46":33,"47":33,"48":1,"49":1,"50":1,"51":1,"52":33,"53":33,"54":1,"55":1,"56":1,"57":33,"58":33,"59":33,"60":33,"61":33,"62":33,"63":33,"64":33,"65":33,"66":33,"67":33,"68":33,"69":33,"70":33,"71":33},"branchMap":{"0":{"type":"branch","line":15,"loc":{"start":{"line":15,"column":23},"end":{"line":21,"column":1}},"locations":[{"start":{"line":15,"column":23},"end":{"line":21,"column":1}}]},"1":{"type":"branch","line":17,"loc":{"start":{"line":17,"column":29},"end":{"line":19,"column":3}},"locations":[{"start":{"line":17,"column":29},"end":{"line":19,"column":3}}]},"2":{"type":"branch","line":19,"loc":{"start":{"line":19,"column":2},"end":{"line":21,"column":1}},"locations":[{"start":{"line":19,"column":2},"end":{"line":21,"column":1}}]},"3":{"type":"branch","line":27,"loc":{"start":{"line":27,"column":57},"end":{"line":72,"column":1}},"locations":[{"start":{"line":27,"column":57},"end":{"line":72,"column":1}}]},"4":{"type":"branch","line":31,"loc":{"start":{"line":31,"column":12},"end":{"line":40,"column":5}},"locations":[{"start":{"line":31,"column":12},"end":{"line":40,"column":5}}]},"5":{"type":"branch","line":33,"loc":{"start":{"line":33,"column":19},"end":{"line":39,"column":5}},"locations":[{"start":{"line":33,"column":19},"end":{"line":39,"column":5}}]},"6":{"type":"branch","line":36,"loc":{"start":{"line":36,"column":6},"end":{"line":38,"column":7}},"locations":[{"start":{"line":36,"column":6},"end":{"line":38,"column":7}}]},"7":{"type":"branch","line":42,"loc":{"start":{"line":42,"column":16},"end":{"line":46,"column":3}},"locations":[{"start":{"line":42,"column":16},"end":{"line":46,"column":3}}]},"8":{"type":"branch","line":48,"loc":{"start":{"line":48,"column":19},"end":{"line":52,"column":3}},"locations":[{"start":{"line":48,"column":19},"end":{"line":52,"column":3}}]},"9":{"type":"branch","line":54,"loc":{"start":{"line":54,"column":17},"end":{"line":57,"column":3}},"locations":[{"start":{"line":54,"column":17},"end":{"line":57,"column":3}}]}},"b":{"0":[16],"1":[4],"2":[11],"3":[33],"4":[25],"5":[2],"6":[1],"7":[2],"8":[1],"9":[1]},"fnMap":{"0":{"name":"useAuth","decl":{"start":{"line":15,"column":23},"end":{"line":21,"column":1}},"loc":{"start":{"line":15,"column":23},"end":{"line":21,"column":1}},"line":15},"1":{"name":"AuthProvider","decl":{"start":{"line":27,"column":57},"end":{"line":72,"column":1}},"loc":{"start":{"line":27,"column":57},"end":{"line":72,"column":1}},"line":27},"2":{"name":"login","decl":{"start":{"line":42,"column":16},"end":{"line":46,"column":3}},"loc":{"start":{"line":42,"column":16},"end":{"line":46,"column":3}},"line":42},"3":{"name":"register","decl":{"start":{"line":48,"column":19},"end":{"line":52,"column":3}},"loc":{"start":{"line":48,"column":19},"end":{"line":52,"column":3}},"line":48},"4":{"name":"logout","decl":{"start":{"line":54,"column":17},"end":{"line":57,"column":3}},"loc":{"start":{"line":54,"column":17},"end":{"line":57,"column":3}},"line":54}},"f":{"0":16,"1":33,"2":2,"3":1,"4":1}}
,"/Users/ajayreddy/Workspace/projects/donkey-type/frontend/src/pages/Home.tsx": {"path":"/Users/ajayreddy/Workspace/projects/donkey-type/frontend/src/pages/Home.tsx","all":false,"statementMap":{"0":{"start":{"line":1,"column":0},"end":{"line":1,"column":39}},"1":{"start":{"line":2,"column":0},"end":{"line":2,"column":43}},"2":{"start":{"line":3,"column":0},"end":{"line":3,"column":53}},"3":{"start":{"line":4,"column":0},"end":{"line":4,"column":47}},"4":{"start":{"line":5,"column":0},"end":{"line":5,"column":0}},"5":{"start":{"line":6,"column":0},"end":{"line":6,"column":20}},"6":{"start":{"line":7,"column":0},"end":{"line":7,"column":66}},"7":{"start":{"line":8,"column":0},"end":{"line":8,"column":0}},"8":{"start":{"line":9,"column":0},"end":{"line":9,"column":19}},"9":{"start":{"line":10,"column":0},"end":{"line":10,"column":39}},"10":{"start":{"line":11,"column":0},"end":{"line":11,"column":11}},"11":{"start":{"line":12,"column":0},"end":{"line":12,"column":50}},"12":{"start":{"line":13,"column":0},"end":{"line":13,"column":26}},"13":{"start":{"line":14,"column":0},"end":{"line":14,"column":23}},"14":{"start":{"line":15,"column":0},"end":{"line":15,"column":60}},"15":{"start":{"line":16,"column":0},"end":{"line":16,"column":7}},"16":{"start":{"line":17,"column":0},"end":{"line":17,"column":5}},"17":{"start":{"line":18,"column":0},"end":{"line":18,"column":19}},"18":{"start":{"line":19,"column":0},"end":{"line":19,"column":8}},"19":{"start":{"line":20,"column":0},"end":{"line":20,"column":0}},"20":{"start":{"line":21,"column":0},"end":{"line":21,"column":10}},"21":{"start":{"line":22,"column":0},"end":{"line":22,"column":66}},"22":{"start":{"line":23,"column":0},"end":{"line":23,"column":41}},"23":{"start":{"line":24,"column":0},"end":{"line":24,"column":62}},"24":{"start":{"line":25,"column":0},"end":{"line":25,"column":32}},"25":{"start":{"line":26,"column":0},"end":{"line":26,"column":13}},"26":{"start":{"line":27,"column":0},"end":{"line":27,"column":50}},"27":{"start":{"line":28,"column":0},"end":{"line":28,"column":82}},"28":{"start":{"line":29,"column":0},"end":{"line":29,"column":12}},"29":{"start":{"line":30,"column":0},"end":{"line":30,"column":13}},"30":{"start":{"line":31,"column":0},"end":{"line":31,"column":24}},"31":{"start":{"line":32,"column":0},"end":{"line":32,"column":129}},"32":{"start":{"line":33,"column":0},"end":{"line":33,"column":9}},"33":{"start":{"line":34,"column":0},"end":{"line":34,"column":26}},"34":{"start":{"line":35,"column":0},"end":{"line":35,"column":15}},"35":{"start":{"line":36,"column":0},"end":{"line":36,"column":12}},"36":{"start":{"line":37,"column":0},"end":{"line":37,"column":0}},"37":{"start":{"line":38,"column":0},"end":{"line":38,"column":55}},"38":{"start":{"line":39,"column":0},"end":{"line":39,"column":59}},"39":{"start":{"line":40,"column":0},"end":{"line":40,"column":80}},"40":{"start":{"line":41,"column":0},"end":{"line":41,"column":34}},"41":{"start":{"line":42,"column":0},"end":{"line":42,"column":38}},"42":{"start":{"line":43,"column":0},"end":{"line":43,"column":46}},"43":{"start":{"line":44,"column":0},"end":{"line":44,"column":101}},"44":{"start":{"line":45,"column":0},"end":{"line":45,"column":53}},"45":{"start":{"line":46,"column":0},"end":{"line":46,"column":95}},"46":{"start":{"line":47,"column":0},"end":{"line":47,"column":88}},"47":{"start":{"line":48,"column":0},"end":{"line":48,"column":24}},"48":{"start":{"line":49,"column":0},"end":{"line":49,"column":75}},"49":{"start":{"line":50,"column":0},"end":{"line":50,"column":21}},"50":{"start":{"line":51,"column":0},"end":{"line":51,"column":17}},"51":{"start":{"line":52,"column":0},"end":{"line":52,"column":17}},"52":{"start":{"line":53,"column":0},"end":{"line":53,"column":15}},"53":{"start":{"line":54,"column":0},"end":{"line":54,"column":74}},"54":{"start":{"line":55,"column":0},"end":{"line":55,"column":12}},"55":{"start":{"line":56,"column":0},"end":{"line":56,"column":15}},"56":{"start":{"line":57,"column":0},"end":{"line":57,"column":29}},"57":{"start":{"line":58,"column":0},"end":{"line":58,"column":94}},"58":{"start":{"line":59,"column":0},"end":{"line":59,"column":11}},"59":{"start":{"line":60,"column":0},"end":{"line":60,"column":35}},"60":{"start":{"line":61,"column":0},"end":{"line":61,"column":17}},"61":{"start":{"line":62,"column":0},"end":{"line":62,"column":14}},"62":{"start":{"line":63,"column":0},"end":{"line":63,"column":0}},"63":{"start":{"line":64,"column":0},"end":{"line":64,"column":59}},"64":{"start":{"line":65,"column":0},"end":{"line":65,"column":77}},"65":{"start":{"line":66,"column":0},"end":{"line":66,"column":50}},"66":{"start":{"line":67,"column":0},"end":{"line":67,"column":45}},"67":{"start":{"line":68,"column":0},"end":{"line":68,"column":60}},"68":{"start":{"line":69,"column":0},"end":{"line":69,"column":78}},"69":{"start":{"line":70,"column":0},"end":{"line":70,"column":17}},"70":{"start":{"line":71,"column":0},"end":{"line":71,"column":45}},"71":{"start":{"line":72,"column":0},"end":{"line":72,"column":60}},"72":{"start":{"line":73,"column":0},"end":{"line":73,"column":65}},"73":{"start":{"line":74,"column":0},"end":{"line":74,"column":17}},"74":{"start":{"line":75,"column":0},"end":{"line":75,"column":45}},"75":{"start":{"line":76,"column":0},"end":{"line":76,"column":60}},"76":{"start":{"line":77,"column":0},"end":{"line":77,"column":57}},"77":{"start":{"line":78,"column":0},"end":{"line":78,"column":17}},"78":{"start":{"line":79,"column":0},"end":{"line":79,"column":45}},"79":{"start":{"line":80,"column":0},"end":{"line":80,"column":60}},"80":{"start":{"line":81,"column":0},"end":{"line":81,"column":61}},"81":{"start":{"line":82,"column":0},"end":{"line":82,"column":17}},"82":{"start":{"line":83,"column":0},"end":{"line":83,"column":15}},"83":{"start":{"line":84,"column":0},"end":{"line":84,"column":14}},"84":{"start":{"line":85,"column":0},"end":{"line":85,"column":12}},"85":{"start":{"line":86,"column":0},"end":{"line":86,"column":10}},"86":{"start":{"line":87,"column":0},"end":{"line":87,"column":3}},"87":{"start":{"line":88,"column":0},"end":{"line":88,"column":1}},"88":{"start":{"line":89,"column":0},"end":{"line":89,"column":0}},"89":{"start":{"line":90,"column":0},"end":{"line":90,"column":19}}},"s":{"0":1,"1":1,"2":1,"3":1,"4":1,"5":1,"6":10,"7":10,"8":10,"9":6,"10":6,"11":6,"12":5,"13":6,"14":1,"15":1,"16":6,"17":6,"18":10,"19":10,"20":10,"21":10,"22":10,"23":10,"24":10,"25":10,"26":10,"27":10,"28":10,"29":10,"30":10,"31":10,"32":10,"33":10,"34":10,"35":10,"36":10,"37":10,"38":10,"39":10,"40":10,"41":1,"42":1,"43":2,"44":2,"45":2,"46":2,"47":2,"48":2,"49":2,"50":1,"51":1,"52":8,"53":8,"54":10,"55":10,"56":10,"57":10,"58":10,"59":10,"60":10,"61":10,"62":10,"63":10,"64":10,"65":10,"66":10,"67":10,"68":10,"69":10,"70":10,"71":10,"72":10,"73":10,"74":10,"75":10,"76":10,"77":10,"78":10,"79":10,"80":10,"81":10,"82":10,"83":10,"84":10,"85":10,"86":10,"87":10,"88":1,"89":1},"branchMap":{"0":{"type":"branch","line":6,"loc":{"start":{"line":6,"column":13},"end":{"line":88,"column":1}},"locations":[{"start":{"line":6,"column":13},"end":{"line":88,"column":1}}]},"1":{"type":"branch","line":41,"loc":{"start":{"line":41,"column":29},"end":{"line":52,"column":17}},"locations":[{"start":{"line":41,"column":29},"end":{"line":52,"column":17}}]},"2":{"type":"branch","line":52,"loc":{"start":{"line":52,"column":12},"end":{"line":54,"column":74}},"locations":[{"start":{"line":52,"column":12},"end":{"line":54,"column":74}}]},"3":{"type":"branch","line":9,"loc":{"start":{"line":9,"column":12},"end":{"line":19,"column":5}},"locations":[{"start":{"line":9,"column":12},"end":{"line":19,"column":5}}]},"4":{"type":"branch","line":10,"loc":{"start":{"line":10,"column":26},"end":{"line":17,"column":5}},"locations":[{"start":{"line":10,"column":26},"end":{"line":17,"column":5}}]},"5":{"type":"branch","line":12,"loc":{"start":{"line":12,"column":49},"end":{"line":14,"column":15}},"locations":[{"start":{"line":12,"column":49},"end":{"line":14,"column":15}}]},"6":{"type":"branch","line":14,"loc":{"start":{"line":14,"column":6},"end":{"line":16,"column":7}},"locations":[{"start":{"line":14,"column":6},"end":{"line":16,"column":7}}]},"7":{"type":"branch","line":43,"loc":{"start":{"line":43,"column":28},"end":{"line":50,"column":21}},"locations":[{"start":{"line":43,"column":28},"end":{"line":50,"column":21}}]}},"b":{"0":[10],"1":[1],"2":[8],"3":[6],"4":[6],"5":[5],"6":[1],"7":[2]},"fnMap":{"0":{"name":"Home","decl":{"start":{"line":6,"column":13},"end":{"line":88,"column":1}},"loc":{"start":{"line":6,"column":13},"end":{"line":88,"column":1}},"line":6},"1":{"name":"fetchTopUsers","decl":{"start":{"line":10,"column":26},"end":{"line":17,"column":5}},"loc":{"start":{"line":10,"column":26},"end":{"line":17,"column":5}},"line":10}},"f":{"0":10,"1":6}}
,"/Users/ajayreddy/Workspace/projects/donkey-type/frontend/src/pages/Leaderboard.tsx": {"path":"/Users/ajayreddy/Workspace/projects/donkey-type/frontend/src/pages/Leaderboard.tsx","all":false,"statementMap":{"0":{"start":{"line":1,"column":0},"end":{"line":1,"column":43}},"1":{"start":{"line":2,"column":0},"end":{"line":2,"column":79}},"2":{"start":{"line":3,"column":0},"end":{"line":3,"column":47}},"3":{"start":{"line":4,"column":0},"end":{"line":4,"column":0}},"4":{"start":{"line":5,"column":0},"end":{"line":5,"column":41}},"5":{"start":{"line":6,"column":0},"end":{"line":6,"column":0}},"6":{"start":{"line":7,"column":0},"end":{"line":7,"column":27}},"7":{"start":{"line":8,"column":0},"end":{"line":8,"column":80}},"8":{"start":{"line":9,"column":0},"end":{"line":9,"column":70}},"9":{"start":{"line":10,"column":0},"end":{"line":10,"column":80}},"10":{"start":{"line":11,"column":0},"end":{"line":11,"column":46}},"11":{"start":{"line":12,"column":0},"end":{"line":12,"column":0}},"12":{"start":{"line":13,"column":0},"end":{"line":13,"column":19}},"13":{"start":{"line":14,"column":0},"end":{"line":14,"column":22}},"14":{"start":{"line":15,"column":0},"end":{"line":15,"column":8}},"15":{"start":{"line":16,"column":0},"end":{"line":16,"column":0}},"16":{"start":{"line":17,"column":0},"end":{"line":17,"column":40}},"17":{"start":{"line":18,"column":0},"end":{"line":18,"column":20}},"18":{"start":{"line":19,"column":0},"end":{"line":19,"column":9}},"19":{"start":{"line":20,"column":0},"end":{"line":20,"column":57}},"20":{"start":{"line":21,"column":0},"end":{"line":21,"column":32}},"21":{"start":{"line":22,"column":0},"end":{"line":22,"column":37}},"22":{"start":{"line":23,"column":0},"end":{"line":23,"column":8}},"23":{"start":{"line":24,"column":0},"end":{"line":24,"column":28}},"24":{"start":{"line":25,"column":0},"end":{"line":25,"column":38}},"25":{"start":{"line":26,"column":0},"end":{"line":26,"column":21}},"26":{"start":{"line":27,"column":0},"end":{"line":27,"column":58}},"27":{"start":{"line":28,"column":0},"end":{"line":28,"column":15}},"28":{"start":{"line":29,"column":0},"end":{"line":29,"column":23}},"29":{"start":{"line":30,"column":0},"end":{"line":30,"column":5}},"30":{"start":{"line":31,"column":0},"end":{"line":31,"column":3}},"31":{"start":{"line":32,"column":0},"end":{"line":32,"column":0}},"32":{"start":{"line":33,"column":0},"end":{"line":33,"column":81}},"33":{"start":{"line":34,"column":0},"end":{"line":34,"column":0}},"34":{"start":{"line":35,"column":0},"end":{"line":35,"column":10}},"35":{"start":{"line":36,"column":0},"end":{"line":36,"column":50}},"36":{"start":{"line":37,"column":0},"end":{"line":37,"column":88}},"37":{"start":{"line":38,"column":0},"end":{"line":38,"column":0}},"38":{"start":{"line":39,"column":0},"end":{"line":39,"column":58}},"39":{"start":{"line":40,"column":0},"end":{"line":40,"column":15}},"40":{"start":{"line":41,"column":0},"end":{"line":41,"column":51}},"41":{"start":{"line":42,"column":0},"end":{"line":42,"column":70}},"42":{"start":{"line":43,"column":0},"end":{"line":43,"column":37}},"43":{"start":{"line":44,"column":0},"end":{"line":44,"column":40}},"44":{"start":{"line":45,"column":0},"end":{"line":45,"column":61}},"45":{"start":{"line":46,"column":0},"end":{"line":46,"column":13}},"46":{"start":{"line":47,"column":0},"end":{"line":47,"column":9}},"47":{"start":{"line":48,"column":0},"end":{"line":48,"column":17}},"48":{"start":{"line":49,"column":0},"end":{"line":49,"column":17}},"49":{"start":{"line":50,"column":0},"end":{"line":50,"column":15}},"50":{"start":{"line":51,"column":0},"end":{"line":51,"column":56}},"51":{"start":{"line":52,"column":0},"end":{"line":52,"column":70}},"52":{"start":{"line":53,"column":0},"end":{"line":53,"column":42}},"53":{"start":{"line":54,"column":0},"end":{"line":54,"column":40}},"54":{"start":{"line":55,"column":0},"end":{"line":55,"column":61}},"55":{"start":{"line":56,"column":0},"end":{"line":56,"column":13}},"56":{"start":{"line":57,"column":0},"end":{"line":57,"column":9}},"57":{"start":{"line":58,"column":0},"end":{"line":58,"column":22}},"58":{"start":{"line":59,"column":0},"end":{"line":59,"column":17}},"59":{"start":{"line":60,"column":0},"end":{"line":60,"column":12}},"60":{"start":{"line":61,"column":0},"end":{"line":61,"column":0}},"61":{"start":{"line":62,"column":0},"end":{"line":62,"column":18}},"62":{"start":{"line":63,"column":0},"end":{"line":63,"column":43}},"63":{"start":{"line":64,"column":0},"end":{"line":64,"column":65}},"64":{"start":{"line":65,"column":0},"end":{"line":65,"column":14}},"65":{"start":{"line":66,"column":0},"end":{"line":66,"column":41}},"66":{"start":{"line":67,"column":0},"end":{"line":67,"column":72}},"67":{"start":{"line":68,"column":0},"end":{"line":68,"column":109}},"68":{"start":{"line":69,"column":0},"end":{"line":69,"column":14}},"69":{"start":{"line":70,"column":0},"end":{"line":70,"column":11}},"70":{"start":{"line":71,"column":0},"end":{"line":71,"column":71}},"71":{"start":{"line":72,"column":0},"end":{"line":72,"column":36}},"72":{"start":{"line":73,"column":0},"end":{"line":73,"column":42}},"73":{"start":{"line":74,"column":0},"end":{"line":74,"column":18}},"74":{"start":{"line":75,"column":0},"end":{"line":75,"column":111}},"75":{"start":{"line":76,"column":0},"end":{"line":76,"column":22}},"76":{"start":{"line":77,"column":0},"end":{"line":77,"column":21}},"77":{"start":{"line":78,"column":0},"end":{"line":78,"column":111}},"78":{"start":{"line":79,"column":0},"end":{"line":79,"column":26}},"79":{"start":{"line":80,"column":0},"end":{"line":80,"column":21}},"80":{"start":{"line":81,"column":0},"end":{"line":81,"column":111}},"81":{"start":{"line":82,"column":0},"end":{"line":82,"column":79}},"82":{"start":{"line":83,"column":0},"end":{"line":83,"column":21}},"83":{"start":{"line":84,"column":0},"end":{"line":84,"column":111}},"84":{"start":{"line":85,"column":0},"end":{"line":85,"column":79}},"85":{"start":{"line":86,"column":0},"end":{"line":86,"column":21}},"86":{"start":{"line":87,"column":0},"end":{"line":87,"column":19}},"87":{"start":{"line":88,"column":0},"end":{"line":88,"column":20}},"88":{"start":{"line":89,"column":0},"end":{"line":89,"column":65}},"89":{"start":{"line":90,"column":0},"end":{"line":90,"column":53}},"90":{"start":{"line":91,"column":0},"end":{"line":91,"column":61}},"91":{"start":{"line":92,"column":0},"end":{"line":92,"column":62}},"92":{"start":{"line":93,"column":0},"end":{"line":93,"column":25}},"93":{"start":{"line":94,"column":0},"end":{"line":94,"column":54}},"94":{"start":{"line":95,"column":0},"end":{"line":95,"column":35}},"95":{"start":{"line":96,"column":0},"end":{"line":96,"column":45}},"96":{"start":{"line":97,"column":0},"end":{"line":97,"column":39}},"97":{"start":{"line":98,"column":0},"end":{"line":98,"column":43}},"98":{"start":{"line":99,"column":0},"end":{"line":99,"column":39}},"99":{"start":{"line":100,"column":0},"end":{"line":100,"column":45}},"100":{"start":{"line":101,"column":0},"end":{"line":101,"column":43}},"101":{"start":{"line":102,"column":0},"end":{"line":102,"column":25}},"102":{"start":{"line":103,"column":0},"end":{"line":103,"column":21}},"103":{"start":{"line":104,"column":0},"end":{"line":104,"column":34}},"104":{"start":{"line":105,"column":0},"end":{"line":105,"column":27}},"105":{"start":{"line":106,"column":0},"end":{"line":106,"column":23}},"106":{"start":{"line":107,"column":0},"end":{"line":107,"column":62}},"107":{"start":{"line":108,"column":0},"end":{"line":108,"column":97}},"108":{"start":{"line":109,"column":0},"end":{"line":109,"column":23}},"109":{"start":{"line":110,"column":0},"end":{"line":110,"column":62}},"110":{"start":{"line":111,"column":0},"end":{"line":111,"column":70}},"111":{"start":{"line":112,"column":0},"end":{"line":112,"column":48}},"112":{"start":{"line":113,"column":0},"end":{"line":113,"column":48}},"113":{"start":{"line":114,"column":0},"end":{"line":114,"column":65}},"114":{"start":{"line":115,"column":0},"end":{"line":115,"column":27}},"115":{"start":{"line":116,"column":0},"end":{"line":116,"column":23}},"116":{"start":{"line":117,"column":0},"end":{"line":117,"column":62}},"117":{"start":{"line":118,"column":0},"end":{"line":118,"column":60}},"118":{"start":{"line":119,"column":0},"end":{"line":119,"column":48}},"119":{"start":{"line":120,"column":0},"end":{"line":120,"column":64}},"120":{"start":{"line":121,"column":0},"end":{"line":121,"column":49}},"121":{"start":{"line":122,"column":0},"end":{"line":122,"column":27}},"122":{"start":{"line":123,"column":0},"end":{"line":123,"column":23}},"123":{"start":{"line":124,"column":0},"end":{"line":124,"column":21}},"124":{"start":{"line":125,"column":0},"end":{"line":125,"column":17}},"125":{"start":{"line":126,"column":0},"end":{"line":126,"column":20}},"126":{"start":{"line":127,"column":0},"end":{"line":127,"column":18}},"127":{"start":{"line":128,"column":0},"end":{"line":128,"column":14}},"128":{"start":{"line":129,"column":0},"end":{"line":129,"column":8}},"129":{"start":{"line":130,"column":0},"end":{"line":130,"column":10}},"130":{"start":{"line":131,"column":0},"end":{"line":131,"column":3}},"131":{"start":{"line":132,"column":0},"end":{"line":132,"column":1}},"132":{"start":{"line":133,"column":0},"end":{"line":133,"column":0}},"133":{"start":{"line":134,"column":0},"end":{"line":134,"column":26}}},"s":{"0":1,"1":1,"2":1,"3":1,"4":1,"5":1,"6":1,"7":17,"8":17,"9":17,"10":17,"11":17,"12":17,"13":7,"14":17,"15":17,"16":17,"17":7,"18":7,"19":7,"20":7,"21":7,"22":7,"23":5,"24":5,"25":7,"26":1,"27":7,"28":6,"29":6,"30":7,"31":17,"32":17,"33":17,"34":17,"35":17,"36":17,"37":17,"38":17,"39":17,"40":17,"41":17,"42":17,"43":15,"44":1,"45":17,"46":17,"47":17,"48":17,"49":17,"50":17,"51":17,"52":17,"53":1,"54":15,"55":17,"56":17,"57":17,"58":17,"59":17,"60":17,"61":17,"62":7,"63":7,"64":7,"65":9,"66":5,"67":5,"68":5,"69":4,"70":4,"71":4,"72":4,"73":4,"74":4,"75":4,"76":4,"77":4,"78":4,"79":4,"80":4,"81":4,"82":4,"83":4,"84":4,"85":4,"86":4,"87":4,"88":4,"89":4,"90":12,"91":12,"92":12,"93":12,"94":12,"95":4,"96":8,"97":4,"98":4,"99":2,"100":2,"101":12,"102":12,"103":12,"104":12,"105":12,"106":12,"107":12,"108":12,"109":12,"110":12,"111":12,"112":10,"113":2,"114":12,"115":12,"116":12,"117":12,"118":12,"119":10,"120":2,"121":12,"122":12,"123":12,"124":4,"125":4,"126":4,"127":4,"128":17,"129":17,"130":17,"131":17,"132":1,"133":1},"branchMap":{"0":{"type":"branch","line":7,"loc":{"start":{"line":7,"column":20},"end":{"line":132,"column":1}},"locations":[{"start":{"line":7,"column":20},"end":{"line":132,"column":1}}]},"1":{"type":"branch","line":33,"loc":{"start":{"line":33,"column":45},"end":{"line":33,"column":66}},"locations":[{"start":{"line":33,"column":45},"end":{"line":33,"column":66}}]},"2":{"type":"branch","line":33,"loc":{"start":{"line":33,"column":53},"end":{"line":33,"column":81}},"locations":[{"start":{"line":33,"column":53},"end":{"line":33,"column":81}}]},"3":{"type":"branch","line":43,"loc":{"start":{"line":43,"column":32},"end":{"line":44,"column":40}},"locations":[{"start":{"line":43,"column":32},"end":{"line":44,"column":40}}]},"4":{"type":"branch","line":44,"loc":{"start":{"line":44,"column":16},"end":{"line":45,"column":61}},"locations":[{"start":{"line":44,"column":16},"end":{"line":45,"column":61}}]},"5":{"type":"branch","line":53,"loc":{"start":{"line":53,"column":32},"end":{"line":54,"column":40}},"locations":[{"start":{"line":53,"column":32},"end":{"line":54,"column":40}}]},"6":{"type":"branch","line":54,"loc":{"start":{"line":54,"column":16},"end":{"line":55,"column":61}},"locations":[{"start":{"line":54,"column":16},"end":{"line":55,"column":61}}]},"7":{"type":"branch","line":62,"loc":{"start":{"line":62,"column":7},"end":{"line":65,"column":14}},"locations":[{"start":{"line":62,"column":7},"end":{"line":65,"column":14}}]},"8":{"type":"branch","line":65,"loc":{"start":{"line":65,"column":8},"end":{"line":128,"column":14}},"locations":[{"start":{"line":65,"column":8},"end":{"line":128,"column":14}}]},"9":{"type":"branch","line":66,"loc":{"start":{"line":66,"column":36},"end":{"line":69,"column":14}},"locations":[{"start":{"line":66,"column":36},"end":{"line":69,"column":14}}]},"10":{"type":"branch","line":69,"loc":{"start":{"line":69,"column":8},"end":{"line":128,"column":14}},"locations":[{"start":{"line":69,"column":8},"end":{"line":128,"column":14}}]},"11":{"type":"branch","line":82,"loc":{"start":{"line":82,"column":39},"end":{"line":82,"column":60}},"locations":[{"start":{"line":82,"column":39},"end":{"line":82,"column":60}}]},"12":{"type":"branch","line":82,"loc":{"start":{"line":82,"column":47},"end":{"line":82,"column":79}},"locations":[{"start":{"line":82,"column":47},"end":{"line":82,"column":79}}]},"13":{"type":"branch","line":85,"loc":{"start":{"line":85,"column":39},"end":{"line":85,"column":68}},"locations":[{"start":{"line":85,"column":39},"end":{"line":85,"column":68}}]},"14":{"type":"branch","line":85,"loc":{"start":{"line":85,"column":47},"end":{"line":85,"column":79}},"locations":[{"start":{"line":85,"column":47},"end":{"line":85,"column":79}}]},"15":{"type":"branch","line":13,"loc":{"start":{"line":13,"column":12},"end":{"line":15,"column":5}},"locations":[{"start":{"line":13,"column":12},"end":{"line":15,"column":5}}]},"16":{"type":"branch","line":17,"loc":{"start":{"line":17,"column":27},"end":{"line":31,"column":3}},"locations":[{"start":{"line":17,"column":27},"end":{"line":31,"column":3}}]},"17":{"type":"branch","line":23,"loc":{"start":{"line":23,"column":7},"end":{"line":26,"column":13}},"locations":[{"start":{"line":23,"column":7},"end":{"line":26,"column":13}}]},"18":{"type":"branch","line":26,"loc":{"start":{"line":26,"column":4},"end":{"line":28,"column":6}},"locations":[{"start":{"line":26,"column":4},"end":{"line":28,"column":6}}]},"19":{"type":"branch","line":28,"loc":{"start":{"line":28,"column":4},"end":{"line":30,"column":5}},"locations":[{"start":{"line":28,"column":4},"end":{"line":30,"column":5}}]},"20":{"type":"branch","line":51,"loc":{"start":{"line":51,"column":19},"end":{"line":51,"column":56}},"locations":[{"start":{"line":51,"column":19},"end":{"line":51,"column":56}}]},"21":{"type":"branch","line":90,"loc":{"start":{"line":90,"column":34},"end":{"line":124,"column":21}},"locations":[{"start":{"line":90,"column":34},"end":{"line":124,"column":21}}]},"22":{"type":"branch","line":95,"loc":{"start":{"line":95,"column":34},"end":{"line":96,"column":45}},"locations":[{"start":{"line":95,"column":34},"end":{"line":96,"column":45}}]},"23":{"type":"branch","line":96,"loc":{"start":{"line":96,"column":28},"end":{"line":101,"column":43}},"locations":[{"start":{"line":96,"column":28},"end":{"line":101,"column":43}}]},"24":{"type":"branch","line":97,"loc":{"start":{"line":97,"column":38},"end":{"line":98,"column":43}},"locations":[{"start":{"line":97,"column":38},"end":{"line":98,"column":43}}]},"25":{"type":"branch","line":98,"loc":{"start":{"line":98,"column":28},"end":{"line":101,"column":43}},"locations":[{"start":{"line":98,"column":28},"end":{"line":101,"column":43}}]},"26":{"type":"branch","line":99,"loc":{"start":{"line":99,"column":38},"end":{"line":100,"column":45}},"locations":[{"start":{"line":99,"column":38},"end":{"line":100,"column":45}}]},"27":{"type":"branch","line":100,"loc":{"start":{"line":100,"column":28},"end":{"line":101,"column":43}},"locations":[{"start":{"line":100,"column":28},"end":{"line":101,"column":43}}]},"28":{"type":"branch","line":112,"loc":{"start":{"line":112,"column":43},"end":{"line":113,"column":48}},"locations":[{"start":{"line":112,"column":43},"end":{"line":113,"column":48}}]},"29":{"type":"branch","line":113,"loc":{"start":{"line":113,"column":42},"end":{"line":114,"column":65}},"locations":[{"start":{"line":113,"column":42},"end":{"line":114,"column":65}}]},"30":{"type":"branch","line":119,"loc":{"start":{"line":119,"column":43},"end":{"line":120,"column":64}},"locations":[{"start":{"line":119,"column":43},"end":{"line":120,"column":64}}]},"31":{"type":"branch","line":120,"loc":{"start":{"line":120,"column":61},"end":{"line":121,"column":49}},"locations":[{"start":{"line":120,"column":61},"end":{"line":121,"column":49}}]}},"b":{"0":[17],"1":[15],"2":[1],"3":[15],"4":[1],"5":[1],"6":[15],"7":[7],"8":[9],"9":[5],"10":[4],"11":[3],"12":[1],"13":[3],"14":[1],"15":[7],"16":[7],"17":[5],"18":[1],"19":[6],"20":[1],"21":[12],"22":[4],"23":[8],"24":[4],"25":[4],"26":[2],"27":[2],"28":[10],"29":[2],"30":[10],"31":[2]},"fnMap":{"0":{"name":"Leaderboard","decl":{"start":{"line":7,"column":20},"end":{"line":132,"column":1}},"loc":{"start":{"line":7,"column":20},"end":{"line":132,"column":1}},"line":7},"1":{"name":"loadLeaderboards","decl":{"start":{"line":17,"column":27},"end":{"line":31,"column":3}},"loc":{"start":{"line":17,"column":27},"end":{"line":31,"column":3}},"line":17},"2":{"name":"onClick","decl":{"start":{"line":41,"column":19},"end":{"line":41,"column":51}},"loc":{"start":{"line":41,"column":19},"end":{"line":41,"column":51}},"line":41},"3":{"name":"onClick","decl":{"start":{"line":51,"column":19},"end":{"line":51,"column":56}},"loc":{"start":{"line":51,"column":19},"end":{"line":51,"column":56}},"line":51}},"f":{"0":17,"1":7,"2":0,"3":1}}
,"/Users/ajayreddy/Workspace/projects/donkey-type/frontend/src/pages/Login.tsx": {"path":"/Users/ajayreddy/Workspace/projects/donkey-type/frontend/src/pages/Login.tsx","all":false,"statementMap":{"0":{"start":{"line":1,"column":0},"end":{"line":1,"column":32}},"1":{"start":{"line":2,"column":0},"end":{"line":2,"column":46}},"2":{"start":{"line":3,"column":0},"end":{"line":3,"column":48}},"3":{"start":{"line":4,"column":0},"end":{"line":4,"column":38}},"4":{"start":{"line":5,"column":0},"end":{"line":5,"column":0}},"5":{"start":{"line":6,"column":0},"end":{"line":6,"column":21}},"6":{"start":{"line":7,"column":0},"end":{"line":7,"column":46}},"7":{"start":{"line":8,"column":0},"end":{"line":8,"column":46}},"8":{"start":{"line":9,"column":0},"end":{"line":9,"column":40}},"9":{"start":{"line":10,"column":0},"end":{"line":10,"column":40}},"10":{"start":{"line":11,"column":0},"end":{"line":11,"column":47}},"11":{"start":{"line":12,"column":0},"end":{"line":12,"column":59}},"12":{"start":{"line":13,"column":0},"end":{"line":13,"column":39}},"13":{"start":{"line":14,"column":0},"end":{"line":14,"column":32}},"14":{"start":{"line":15,"column":0},"end":{"line":15,"column":0}},"15":{"start":{"line":16,"column":0},"end":{"line":16,"column":53}},"16":{"start":{"line":17,"column":0},"end":{"line":17,"column":22}},"17":{"start":{"line":18,"column":0},"end":{"line":18,"column":16}},"18":{"start":{"line":19,"column":0},"end":{"line":19,"column":20}},"19":{"start":{"line":20,"column":0},"end":{"line":20,"column":0}},"20":{"start":{"line":21,"column":0},"end":{"line":21,"column":9}},"21":{"start":{"line":22,"column":0},"end":{"line":22,"column":37}},"22":{"start":{"line":23,"column":0},"end":{"line":23,"column":27}},"23":{"start":{"line":24,"column":0},"end":{"line":24,"column":24}},"24":{"start":{"line":25,"column":0},"end":{"line":25,"column":93}},"25":{"start":{"line":26,"column":0},"end":{"line":26,"column":15}},"26":{"start":{"line":27,"column":0},"end":{"line":27,"column":23}},"27":{"start":{"line":28,"column":0},"end":{"line":28,"column":5}},"28":{"start":{"line":29,"column":0},"end":{"line":29,"column":3}},"29":{"start":{"line":30,"column":0},"end":{"line":30,"column":0}},"30":{"start":{"line":31,"column":0},"end":{"line":31,"column":56}},"31":{"start":{"line":32,"column":0},"end":{"line":32,"column":22}},"32":{"start":{"line":33,"column":0},"end":{"line":33,"column":16}},"33":{"start":{"line":34,"column":0},"end":{"line":34,"column":20}},"34":{"start":{"line":35,"column":0},"end":{"line":35,"column":0}},"35":{"start":{"line":36,"column":0},"end":{"line":36,"column":9}},"36":{"start":{"line":37,"column":0},"end":{"line":37,"column":47}},"37":{"start":{"line":38,"column":0},"end":{"line":38,"column":27}},"38":{"start":{"line":39,"column":0},"end":{"line":39,"column":24}},"39":{"start":{"line":40,"column":0},"end":{"line":40,"column":87}},"40":{"start":{"line":41,"column":0},"end":{"line":41,"column":15}},"41":{"start":{"line":42,"column":0},"end":{"line":42,"column":23}},"42":{"start":{"line":43,"column":0},"end":{"line":43,"column":5}},"43":{"start":{"line":44,"column":0},"end":{"line":44,"column":3}},"44":{"start":{"line":45,"column":0},"end":{"line":45,"column":0}},"45":{"start":{"line":46,"column":0},"end":{"line":46,"column":10}},"46":{"start":{"line":47,"column":0},"end":{"line":47,"column":91}},"47":{"start":{"line":48,"column":0},"end":{"line":48,"column":39}},"48":{"start":{"line":49,"column":0},"end":{"line":49,"column":87}},"49":{"start":{"line":50,"column":0},"end":{"line":50,"column":77}},"50":{"start":{"line":51,"column":0},"end":{"line":51,"column":56}},"51":{"start":{"line":52,"column":0},"end":{"line":52,"column":15}},"52":{"start":{"line":53,"column":0},"end":{"line":53,"column":0}},"53":{"start":{"line":54,"column":0},"end":{"line":54,"column":21}},"54":{"start":{"line":55,"column":0},"end":{"line":55,"column":109}},"55":{"start":{"line":56,"column":0},"end":{"line":56,"column":21}},"56":{"start":{"line":57,"column":0},"end":{"line":57,"column":18}},"57":{"start":{"line":58,"column":0},"end":{"line":58,"column":12}},"58":{"start":{"line":59,"column":0},"end":{"line":59,"column":0}},"59":{"start":{"line":60,"column":0},"end":{"line":60,"column":28}},"60":{"start":{"line":61,"column":0},"end":{"line":61,"column":66}},"61":{"start":{"line":62,"column":0},"end":{"line":62,"column":19}},"62":{"start":{"line":63,"column":0},"end":{"line":63,"column":100}},"63":{"start":{"line":64,"column":0},"end":{"line":64,"column":26}},"64":{"start":{"line":65,"column":0},"end":{"line":65,"column":24}},"65":{"start":{"line":66,"column":0},"end":{"line":66,"column":22}},"66":{"start":{"line":67,"column":0},"end":{"line":67,"column":31}},"67":{"start":{"line":68,"column":0},"end":{"line":68,"column":29}},"68":{"start":{"line":69,"column":0},"end":{"line":69,"column":34}},"69":{"start":{"line":70,"column":0},"end":{"line":70,"column":63}},"70":{"start":{"line":71,"column":0},"end":{"line":71,"column":26}},"71":{"start":{"line":72,"column":0},"end":{"line":72,"column":31}},"72":{"start":{"line":73,"column":0},"end":{"line":73,"column":32}},"73":{"start":{"line":74,"column":0},"end":{"line":74,"column":187}},"74":{"start":{"line":75,"column":0},"end":{"line":75,"column":67}},"75":{"start":{"line":76,"column":0},"end":{"line":76,"column":18}},"76":{"start":{"line":77,"column":0},"end":{"line":77,"column":20}},"77":{"start":{"line":78,"column":0},"end":{"line":78,"column":0}},"78":{"start":{"line":79,"column":0},"end":{"line":79,"column":19}},"79":{"start":{"line":80,"column":0},"end":{"line":80,"column":97}},"80":{"start":{"line":81,"column":0},"end":{"line":81,"column":23}},"81":{"start":{"line":82,"column":0},"end":{"line":82,"column":24}},"82":{"start":{"line":83,"column":0},"end":{"line":83,"column":22}},"83":{"start":{"line":84,"column":0},"end":{"line":84,"column":28}},"84":{"start":{"line":85,"column":0},"end":{"line":85,"column":30}},"85":{"start":{"line":86,"column":0},"end":{"line":86,"column":31}},"86":{"start":{"line":87,"column":0},"end":{"line":87,"column":60}},"87":{"start":{"line":88,"column":0},"end":{"line":88,"column":26}},"88":{"start":{"line":89,"column":0},"end":{"line":89,"column":187}},"89":{"start":{"line":90,"column":0},"end":{"line":90,"column":48}},"90":{"start":{"line":91,"column":0},"end":{"line":91,"column":18}},"91":{"start":{"line":92,"column":0},"end":{"line":92,"column":20}},"92":{"start":{"line":93,"column":0},"end":{"line":93,"column":0}},"93":{"start":{"line":94,"column":0},"end":{"line":94,"column":19}},"94":{"start":{"line":95,"column":0},"end":{"line":95,"column":100}},"95":{"start":{"line":96,"column":0},"end":{"line":96,"column":26}},"96":{"start":{"line":97,"column":0},"end":{"line":97,"column":24}},"97":{"start":{"line":98,"column":0},"end":{"line":98,"column":22}},"98":{"start":{"line":99,"column":0},"end":{"line":99,"column":31}},"99":{"start":{"line":100,"column":0},"end":{"line":100,"column":33}},"100":{"start":{"line":101,"column":0},"end":{"line":101,"column":34}},"101":{"start":{"line":102,"column":0},"end":{"line":102,"column":63}},"102":{"start":{"line":103,"column":0},"end":{"line":103,"column":26}},"103":{"start":{"line":104,"column":0},"end":{"line":104,"column":31}},"104":{"start":{"line":105,"column":0},"end":{"line":105,"column":187}},"105":{"start":{"line":106,"column":0},"end":{"line":106,"column":68}},"106":{"start":{"line":107,"column":0},"end":{"line":107,"column":18}},"107":{"start":{"line":108,"column":0},"end":{"line":108,"column":20}},"108":{"start":{"line":109,"column":0},"end":{"line":109,"column":0}},"109":{"start":{"line":110,"column":0},"end":{"line":110,"column":21}},"110":{"start":{"line":111,"column":0},"end":{"line":111,"column":29}},"111":{"start":{"line":112,"column":0},"end":{"line":112,"column":34}},"112":{"start":{"line":113,"column":0},"end":{"line":113,"column":180}},"113":{"start":{"line":114,"column":0},"end":{"line":114,"column":15}},"114":{"start":{"line":115,"column":0},"end":{"line":115,"column":68}},"115":{"start":{"line":116,"column":0},"end":{"line":116,"column":23}},"116":{"start":{"line":117,"column":0},"end":{"line":117,"column":19}},"117":{"start":{"line":118,"column":0},"end":{"line":118,"column":15}},"118":{"start":{"line":119,"column":0},"end":{"line":119,"column":63}},"119":{"start":{"line":120,"column":0},"end":{"line":120,"column":19}},"120":{"start":{"line":121,"column":0},"end":{"line":121,"column":100}},"121":{"start":{"line":122,"column":0},"end":{"line":122,"column":26}},"122":{"start":{"line":123,"column":0},"end":{"line":123,"column":24}},"123":{"start":{"line":124,"column":0},"end":{"line":124,"column":22}},"124":{"start":{"line":125,"column":0},"end":{"line":125,"column":31}},"125":{"start":{"line":126,"column":0},"end":{"line":126,"column":29}},"126":{"start":{"line":127,"column":0},"end":{"line":127,"column":34}},"127":{"start":{"line":128,"column":0},"end":{"line":128,"column":63}},"128":{"start":{"line":129,"column":0},"end":{"line":129,"column":26}},"129":{"start":{"line":130,"column":0},"end":{"line":130,"column":187}},"130":{"start":{"line":131,"column":0},"end":{"line":131,"column":51}},"131":{"start":{"line":132,"column":0},"end":{"line":132,"column":18}},"132":{"start":{"line":133,"column":0},"end":{"line":133,"column":20}},"133":{"start":{"line":134,"column":0},"end":{"line":134,"column":0}},"134":{"start":{"line":135,"column":0},"end":{"line":135,"column":19}},"135":{"start":{"line":136,"column":0},"end":{"line":136,"column":100}},"136":{"start":{"line":137,"column":0},"end":{"line":137,"column":26}},"137":{"start":{"line":138,"column":0},"end":{"line":138,"column":24}},"138":{"start":{"line":139,"column":0},"end":{"line":139,"column":22}},"139":{"start":{"line":140,"column":0},"end":{"line":140,"column":31}},"140":{"start":{"line":141,"column":0},"end":{"line":141,"column":33}},"141":{"start":{"line":142,"column":0},"end":{"line":142,"column":34}},"142":{"start":{"line":143,"column":0},"end":{"line":143,"column":63}},"143":{"start":{"line":144,"column":0},"end":{"line":144,"column":26}},"144":{"start":{"line":145,"column":0},"end":{"line":145,"column":187}},"145":{"start":{"line":146,"column":0},"end":{"line":146,"column":51}},"146":{"start":{"line":147,"column":0},"end":{"line":147,"column":18}},"147":{"start":{"line":148,"column":0},"end":{"line":148,"column":20}},"148":{"start":{"line":149,"column":0},"end":{"line":149,"column":0}},"149":{"start":{"line":150,"column":0},"end":{"line":150,"column":21}},"150":{"start":{"line":151,"column":0},"end":{"line":151,"column":29}},"151":{"start":{"line":152,"column":0},"end":{"line":152,"column":34}},"152":{"start":{"line":153,"column":0},"end":{"line":153,"column":180}},"153":{"start":{"line":154,"column":0},"end":{"line":154,"column":15}},"154":{"start":{"line":155,"column":0},"end":{"line":155,"column":53}},"155":{"start":{"line":156,"column":0},"end":{"line":156,"column":23}},"156":{"start":{"line":157,"column":0},"end":{"line":157,"column":19}},"157":{"start":{"line":158,"column":0},"end":{"line":158,"column":12}},"158":{"start":{"line":159,"column":0},"end":{"line":159,"column":0}},"159":{"start":{"line":160,"column":0},"end":{"line":160,"column":65}},"160":{"start":{"line":161,"column":0},"end":{"line":161,"column":30}},"161":{"start":{"line":162,"column":0},"end":{"line":162,"column":16}},"162":{"start":{"line":163,"column":0},"end":{"line":163,"column":45}},"163":{"start":{"line":164,"column":0},"end":{"line":164,"column":23}},"164":{"start":{"line":165,"column":0},"end":{"line":165,"column":34}},"165":{"start":{"line":166,"column":0},"end":{"line":166,"column":43}},"166":{"start":{"line":167,"column":0},"end":{"line":167,"column":32}},"167":{"start":{"line":168,"column":0},"end":{"line":168,"column":20}},"168":{"start":{"line":169,"column":0},"end":{"line":169,"column":79}},"169":{"start":{"line":170,"column":0},"end":{"line":170,"column":17}},"170":{"start":{"line":171,"column":0},"end":{"line":171,"column":28}},"171":{"start":{"line":172,"column":0},"end":{"line":172,"column":25}},"172":{"start":{"line":173,"column":0},"end":{"line":173,"column":17}},"173":{"start":{"line":174,"column":0},"end":{"line":174,"column":17}},"174":{"start":{"line":175,"column":0},"end":{"line":175,"column":16}},"175":{"start":{"line":176,"column":0},"end":{"line":176,"column":43}},"176":{"start":{"line":177,"column":0},"end":{"line":177,"column":23}},"177":{"start":{"line":178,"column":0},"end":{"line":178,"column":34}},"178":{"start":{"line":179,"column":0},"end":{"line":179,"column":42}},"179":{"start":{"line":180,"column":0},"end":{"line":180,"column":32}},"180":{"start":{"line":181,"column":0},"end":{"line":181,"column":20}},"181":{"start":{"line":182,"column":0},"end":{"line":182,"column":79}},"182":{"start":{"line":183,"column":0},"end":{"line":183,"column":17}},"183":{"start":{"line":184,"column":0},"end":{"line":184,"column":28}},"184":{"start":{"line":185,"column":0},"end":{"line":185,"column":25}},"185":{"start":{"line":186,"column":0},"end":{"line":186,"column":17}},"186":{"start":{"line":187,"column":0},"end":{"line":187,"column":14}},"187":{"start":{"line":188,"column":0},"end":{"line":188,"column":14}},"188":{"start":{"line":189,"column":0},"end":{"line":189,"column":14}},"189":{"start":{"line":190,"column":0},"end":{"line":190,"column":12}},"190":{"start":{"line":191,"column":0},"end":{"line":191,"column":10}},"191":{"start":{"line":192,"column":0},"end":{"line":192,"column":3}},"192":{"start":{"line":193,"column":0},"end":{"line":193,"column":1}},"193":{"start":{"line":194,"column":0},"end":{"line":194,"column":0}},"194":{"start":{"line":195,"column":0},"end":{"line":195,"column":20}}},"s":{"0":1,"1":1,"2":1,"3":1,"4":1,"5":1,"6":215,"7":215,"8":215,"9":215,"10":215,"11":215,"12":215,"13":215,"14":215,"15":215,"16":4,"17":4,"18":4,"19":4,"20":4,"21":4,"22":1,"23":4,"24":3,"25":4,"26":4,"27":4,"28":4,"29":215,"30":215,"31":3,"32":3,"33":3,"34":3,"35":3,"36":3,"37":1,"38":3,"39":2,"40":3,"41":3,"42":3,"43":3,"44":215,"45":215,"46":215,"47":215,"48":215,"49":215,"50":215,"51":215,"52":215,"53":215,"54":5,"55":5,"56":5,"57":215,"58":215,"59":215,"60":116,"61":116,"62":116,"63":116,"64":116,"65":116,"66":116,"67":116,"68":116,"69":116,"70":116,"71":116,"72":116,"73":116,"74":116,"75":116,"76":116,"77":116,"78":116,"79":116,"80":116,"81":116,"82":116,"83":116,"84":116,"85":116,"86":116,"87":116,"88":116,"89":116,"90":116,"91":116,"92":116,"93":116,"94":116,"95":116,"96":116,"97":116,"98":116,"99":116,"100":116,"101":116,"102":116,"103":116,"104":116,"105":116,"106":116,"107":116,"108":116,"109":116,"110":116,"111":116,"112":116,"113":116,"114":116,"115":116,"116":116,"117":98,"118":98,"119":98,"120":98,"121":98,"122":98,"123":98,"124":98,"125":98,"126":98,"127":98,"128":98,"129":98,"130":98,"131":98,"132":98,"133":98,"134":98,"135":98,"136":98,"137":98,"138":98,"139":98,"140":98,"141":98,"142":98,"143":98,"144":98,"145":98,"146":98,"147":98,"148":98,"149":98,"150":98,"151":98,"152":98,"153":98,"154":98,"155":98,"156":98,"157":215,"158":215,"159":215,"160":215,"161":116,"162":116,"163":116,"164":116,"165":1,"166":1,"167":1,"168":116,"169":116,"170":116,"171":116,"172":116,"173":98,"174":98,"175":98,"176":98,"177":98,"178":5,"179":5,"180":5,"181":98,"182":98,"183":98,"184":98,"185":98,"186":215,"187":215,"188":215,"189":215,"190":215,"191":215,"192":215,"193":1,"194":1},"branchMap":{"0":{"type":"branch","line":6,"loc":{"start":{"line":6,"column":14},"end":{"line":193,"column":1}},"locations":[{"start":{"line":6,"column":14},"end":{"line":193,"column":1}}]},"1":{"type":"branch","line":51,"loc":{"start":{"line":51,"column":13},"end":{"line":51,"column":48}},"locations":[{"start":{"line":51,"column":13},"end":{"line":51,"column":48}}]},"2":{"type":"branch","line":51,"loc":{"start":{"line":51,"column":29},"end":{"line":51,"column":56}},"locations":[{"start":{"line":51,"column":29},"end":{"line":51,"column":56}}]},"3":{"type":"branch","line":54,"loc":{"start":{"line":54,"column":11},"end":{"line":57,"column":18}},"locations":[{"start":{"line":54,"column":11},"end":{"line":57,"column":18}}]},"4":{"type":"branch","line":60,"loc":{"start":{"line":60,"column":11},"end":{"line":117,"column":19}},"locations":[{"start":{"line":60,"column":11},"end":{"line":117,"column":19}}]},"5":{"type":"branch","line":115,"loc":{"start":{"line":115,"column":17},"end":{"line":115,"column":51}},"locations":[{"start":{"line":115,"column":17},"end":{"line":115,"column":51}}]},"6":{"type":"branch","line":115,"loc":{"start":{"line":115,"column":27},"end":{"line":115,"column":68}},"locations":[{"start":{"line":115,"column":27},"end":{"line":115,"column":68}}]},"7":{"type":"branch","line":117,"loc":{"start":{"line":117,"column":12},"end":{"line":157,"column":19}},"locations":[{"start":{"line":117,"column":12},"end":{"line":157,"column":19}}]},"8":{"type":"branch","line":155,"loc":{"start":{"line":155,"column":17},"end":{"line":155,"column":45}},"locations":[{"start":{"line":155,"column":17},"end":{"line":155,"column":45}}]},"9":{"type":"branch","line":155,"loc":{"start":{"line":155,"column":27},"end":{"line":155,"column":53}},"locations":[{"start":{"line":155,"column":27},"end":{"line":155,"column":53}}]},"10":{"type":"branch","line":161,"loc":{"start":{"line":161,"column":13},"end":{"line":173,"column":17}},"locations":[{"start":{"line":161,"column":13},"end":{"line":173,"column":17}}]},"11":{"type":"branch","line":173,"loc":{"start":{"line":173,"column":14},"end":{"line":186,"column":17}},"locations":[{"start":{"line":173,"column":14},"end":{"line":186,"column":17}}]},"12":{"type":"branch","line":16,"loc":{"start":{"line":16,"column":22},"end":{"line":29,"column":3}},"locations":[{"start":{"line":16,"column":22},"end":{"line":29,"column":3}}]},"13":{"type":"branch","line":22,"loc":{"start":{"line":22,"column":36},"end":{"line":24,"column":13}},"locations":[{"start":{"line":22,"column":36},"end":{"line":24,"column":13}}]},"14":{"type":"branch","line":24,"loc":{"start":{"line":24,"column":4},"end":{"line":26,"column":6}},"locations":[{"start":{"line":24,"column":4},"end":{"line":26,"column":6}}]},"15":{"type":"branch","line":25,"loc":{"start":{"line":25,"column":19},"end":{"line":25,"column":46}},"locations":[{"start":{"line":25,"column":19},"end":{"line":25,"column":46}}]},"16":{"type":"branch","line":25,"loc":{"start":{"line":25,"column":35},"end":{"line":25,"column":92}},"locations":[{"start":{"line":25,"column":35},"end":{"line":25,"column":92}}]},"17":{"type":"branch","line":31,"loc":{"start":{"line":31,"column":25},"end":{"line":44,"column":3}},"locations":[{"start":{"line":31,"column":25},"end":{"line":44,"column":3}}]},"18":{"type":"branch","line":37,"loc":{"start":{"line":37,"column":46},"end":{"line":39,"column":13}},"locations":[{"start":{"line":37,"column":46},"end":{"line":39,"column":13}}]},"19":{"type":"branch","line":39,"loc":{"start":{"line":39,"column":4},"end":{"line":41,"column":6}},"locations":[{"start":{"line":39,"column":4},"end":{"line":41,"column":6}}]},"20":{"type":"branch","line":40,"loc":{"start":{"line":40,"column":19},"end":{"line":40,"column":46}},"locations":[{"start":{"line":40,"column":19},"end":{"line":40,"column":46}}]},"21":{"type":"branch","line":40,"loc":{"start":{"line":40,"column":35},"end":{"line":40,"column":86}},"locations":[{"start":{"line":40,"column":35},"end":{"line":40,"column":86}}]},"22":{"type":"branch","line":70,"loc":{"start":{"line":70,"column":28},"end":{"line":70,"column":63}},"locations":[{"start":{"line":70,"column":28},"end":{"line":70,"column":63}}]},"23":{"type":"branch","line":87,"loc":{"start":{"line":87,"column":28},"end":{"line":87,"column":60}},"locations":[{"start":{"line":87,"column":28},"end":{"line":87,"column":60}}]},"24":{"type":"branch","line":102,"loc":{"start":{"line":102,"column":28},"end":{"line":102,"column":63}},"locations":[{"start":{"line":102,"column":28},"end":{"line":102,"column":63}}]},"25":{"type":"branch","line":128,"loc":{"start":{"line":128,"column":28},"end":{"line":128,"column":63}},"locations":[{"start":{"line":128,"column":28},"end":{"line":128,"column":63}}]},"26":{"type":"branch","line":143,"loc":{"start":{"line":143,"column":28},"end":{"line":1
[...]
6,"column":0},"end":{"line":6,"column":32}},"6":{"start":{"line":7,"column":0},"end":{"line":7,"column":24}},"7":{"start":{"line":8,"column":0},"end":{"line":8,"column":12}},"8":{"start":{"line":9,"column":0},"end":{"line":9,"column":39}},"9":{"start":{"line":10,"column":0},"end":{"line":10,"column":4}},"10":{"start":{"line":11,"column":0},"end":{"line":11,"column":2}},"11":{"start":{"line":12,"column":0},"end":{"line":12,"column":0}},"12":{"start":{"line":13,"column":0},"end":{"line":13,"column":109}},"13":{"start":{"line":14,"column":0},"end":{"line":14,"column":73}},"14":{"start":{"line":15,"column":0},"end":{"line":15,"column":13}},"15":{"start":{"line":16,"column":0},"end":{"line":16,"column":10}},"16":{"start":{"line":17,"column":0},"end":{"line":17,"column":13}},"17":{"start":{"line":18,"column":0},"end":{"line":18,"column":4}},"18":{"start":{"line":19,"column":0},"end":{"line":19,"column":22}},"19":{"start":{"line":20,"column":0},"end":{"line":20,"column":1}},"20":{"start":{"line":21,"column":0},"end":{"line":21,"column":0}},"21":{"start":{"line":22,"column":0},"end":{"line":22,"column":91}},"22":{"start":{"line":23,"column":0},"end":{"line":23,"column":70}},"23":{"start":{"line":24,"column":0},"end":{"line":24,"column":13}},"24":{"start":{"line":25,"column":0},"end":{"line":25,"column":13}},"25":{"start":{"line":26,"column":0},"end":{"line":26,"column":4}},"26":{"start":{"line":27,"column":0},"end":{"line":27,"column":22}},"27":{"start":{"line":28,"column":0},"end":{"line":28,"column":1}},"28":{"start":{"line":29,"column":0},"end":{"line":29,"column":0}},"29":{"start":{"line":30,"column":0},"end":{"line":30,"column":71}},"30":{"start":{"line":31,"column":0},"end":{"line":31,"column":74}},"31":{"start":{"line":32,"column":0},"end":{"line":32,"column":22}},"32":{"start":{"line":33,"column":0},"end":{"line":33,"column":1}},"33":{"start":{"line":34,"column":0},"end":{"line":34,"column":0}},"34":{"start":{"line":35,"column":0},"end":{"line":35,"column":99}},"35":{"start":{"line":36,"column":0},"end":{"line":36,"column":58}},"36":{"start":{"line":37,"column":0},"end":{"line":37,"column":1}},"37":{"start":{"line":38,"column":0},"end":{"line":38,"column":0}},"38":{"start":{"line":39,"column":0},"end":{"line":39,"column":95}},"39":{"start":{"line":40,"column":0},"end":{"line":40,"column":93}},"40":{"start":{"line":41,"column":0},"end":{"line":41,"column":22}},"41":{"start":{"line":42,"column":0},"end":{"line":42,"column":1}},"42":{"start":{"line":43,"column":0},"end":{"line":43,"column":0}},"43":{"start":{"line":44,"column":0},"end":{"line":44,"column":100}},"44":{"start":{"line":45,"column":0},"end":{"line":45,"column":98}},"45":{"start":{"line":46,"column":0},"end":{"line":46,"column":22}},"46":{"start":{"line":47,"column":0},"end":{"line":47,"column":1}}},"s":{"0":1,"1":1,"2":1,"3":1,"4":1,"5":1,"6":1,"7":1,"8":1,"9":1,"10":1,"11":1,"12":1,"13":2,"14":2,"15":2,"16":2,"17":2,"18":1,"19":1,"20":1,"21":1,"22":2,"23":2,"24":2,"25":2,"26":1,"27":1,"28":1,"29":1,"30":2,"31":1,"32":1,"33":1,"34":1,"35":2,"36":1,"37":1,"38":1,"39":2,"40":2,"41":2,"42":1,"43":1,"44":1,"45":1,"46":1},"branchMap":{"0":{"type":"branch","line":13,"loc":{"start":{"line":13,"column":24},"end":{"line":20,"column":1}},"locations":[{"start":{"line":13,"column":24},"end":{"line":20,"column":1}}]},"1":{"type":"branch","line":18,"loc":{"start":{"line":18,"column":3},"end":{"line":20,"column":1}},"locations":[{"start":{"line":18,"column":3},"end":{"line":20,"column":1}}]},"2":{"type":"branch","line":22,"loc":{"start":{"line":22,"column":21},"end":{"line":28,"column":1}},"locations":[{"start":{"line":22,"column":21},"end":{"line":28,"column":1}}]},"3":{"type":"branch","line":26,"loc":{"start":{"line":26,"column":3},"end":{"line":28,"column":1}},"locations":[{"start":{"line":26,"column":3},"end":{"line":28,"column":1}}]},"4":{"type":"branch","line":30,"loc":{"start":{"line":30,"column":29},"end":{"line":33,"column":1}},"locations":[{"start":{"line":30,"column":29},"end":{"line":33,"column":1}}]},"5":{"type":"branch","line":31,"loc":{"start":{"line":31,"column":73},"end":{"line":33,"column":1}},"locations":[{"start":{"line":31,"column":73},"end":{"line":33,"column":1}}]},"6":{"type":"branch","line":35,"loc":{"start":{"line":35,"column":28},"end":{"line":37,"column":1}},"locations":[{"start":{"line":35,"column":28},"end":{"line":37,"column":1}}]},"7":{"type":"branch","line":36,"loc":{"start":{"line":36,"column":57},"end":{"line":37,"column":1}},"locations":[{"start":{"line":36,"column":57},"end":{"line":37,"column":1}}]},"8":{"type":"branch","line":39,"loc":{"start":{"line":39,"column":35},"end":{"line":42,"column":1}},"locations":[{"start":{"line":39,"column":35},"end":{"line":42,"column":1}}]},"9":{"type":"branch","line":44,"loc":{"start":{"line":44,"column":40},"end":{"line":47,"column":1}},"locations":[{"start":{"line":44,"column":40},"end":{"line":47,"column":1}}]}},"b":{"0":[2],"1":[1],"2":[2],"3":[1],"4":[2],"5":[1],"6":[2],"7":[1],"8":[2],"9":[1]},"fnMap":{"0":{"name":"register","decl":{"start":{"line":13,"column":24},"end":{"line":20,"column":1}},"loc":{"start":{"line":13,"column":24},"end":{"line":20,"column":1}},"line":13},"1":{"name":"login","decl":{"start":{"line":22,"column":21},"end":{"line":28,"column":1}},"loc":{"start":{"line":22,"column":21},"end":{"line":28,"column":1}},"line":22},"2":{"name":"getTypingText","decl":{"start":{"line":30,"column":29},"end":{"line":33,"column":1}},"loc":{"start":{"line":30,"column":29},"end":{"line":33,"column":1}},"line":30},"3":{"name":"submitResult","decl":{"start":{"line":35,"column":28},"end":{"line":37,"column":1}},"loc":{"start":{"line":35,"column":28},"end":{"line":37,"column":1}},"line":35},"4":{"name":"getLeaderboardByWpm","decl":{"start":{"line":39,"column":35},"end":{"line":42,"column":1}},"loc":{"start":{"line":39,"column":35},"end":{"line":42,"column":1}},"line":39},"5":{"name":"getLeaderboardByAccuracy","decl":{"start":{"line":44,"column":40},"end":{"line":47,"column":1}},"loc":{"start":{"line":44,"column":40},"end":{"line":47,"column":1}},"line":44}},"f":{"0":2,"1":2,"2":2,"3":2,"4":2,"5":1}}
,"/Users/ajayreddy/Workspace/projects/donkey-type/frontend/src/utils/typingEngine.ts": {"path":"/Users/ajayreddy/Workspace/projects/donkey-type/frontend/src/utils/typingEngine.ts","all":false,"statementMap":{"0":{"start":{"line":1,"column":0},"end":{"line":1,"column":3}},"1":{"start":{"line":2,"column":0},"end":{"line":2,"column":79}},"2":{"start":{"line":3,"column":0},"end":{"line":3,"column":3}},"3":{"start":{"line":4,"column":0},"end":{"line":4,"column":0}},"4":{"start":{"line":5,"column":0},"end":{"line":5,"column":30}},"5":{"start":{"line":6,"column":0},"end":{"line":6,"column":13}},"6":{"start":{"line":7,"column":0},"end":{"line":7,"column":18}},"7":{"start":{"line":8,"column":0},"end":{"line":8,"column":21}},"8":{"start":{"line":9,"column":0},"end":{"line":9,"column":22}},"9":{"start":{"line":10,"column":0},"end":{"line":10,"column":24}},"10":{"start":{"line":11,"column":0},"end":{"line":11,"column":1}},"11":{"start":{"line":12,"column":0},"end":{"line":12,"column":0}},"12":{"start":{"line":13,"column":0},"end":{"line":13,"column":3}},"13":{"start":{"line":14,"column":0},"end":{"line":14,"column":35}},"14":{"start":{"line":15,"column":0},"end":{"line":15,"column":65}},"15":{"start":{"line":16,"column":0},"end":{"line":16,"column":3}},"16":{"start":{"line":17,"column":0},"end":{"line":17,"column":87}},"17":{"start":{"line":18,"column":0},"end":{"line":18,"column":33}},"18":{"start":{"line":19,"column":0},"end":{"line":19,"column":34}},"19":{"start":{"line":20,"column":0},"end":{"line":20,"column":70}},"20":{"start":{"line":21,"column":0},"end":{"line":21,"column":36}},"21":{"start":{"line":22,"column":0},"end":{"line":22,"column":1}},"22":{"start":{"line":23,"column":0},"end":{"line":23,"column":0}},"23":{"start":{"line":24,"column":0},"end":{"line":24,"column":3}},"24":{"start":{"line":25,"column":0},"end":{"line":25,"column":32}},"25":{"start":{"line":26,"column":0},"end":{"line":26,"column":65}},"26":{"start":{"line":27,"column":0},"end":{"line":27,"column":47}},"27":{"start":{"line":28,"column":0},"end":{"line":28,"column":3}},"28":{"start":{"line":29,"column":0},"end":{"line":29,"column":88}},"29":{"start":{"line":30,"column":0},"end":{"line":30,"column":34}},"30":{"start":{"line":31,"column":0},"end":{"line":31,"column":52}},"31":{"start":{"line":32,"column":0},"end":{"line":32,"column":90}},"32":{"start":{"line":33,"column":0},"end":{"line":33,"column":1}},"33":{"start":{"line":34,"column":0},"end":{"line":34,"column":0}},"34":{"start":{"line":35,"column":0},"end":{"line":35,"column":3}},"35":{"start":{"line":36,"column":0},"end":{"line":36,"column":60}},"36":{"start":{"line":37,"column":0},"end":{"line":37,"column":64}},"37":{"start":{"line":38,"column":0},"end":{"line":38,"column":69}},"38":{"start":{"line":39,"column":0},"end":{"line":39,"column":3}},"39":{"start":{"line":40,"column":0},"end":{"line":40,"column":101}},"40":{"start":{"line":41,"column":0},"end":{"line":41,"column":22}},"41":{"start":{"line":42,"column":0},"end":{"line":42,"column":24}},"42":{"start":{"line":43,"column":0},"end":{"line":43,"column":59}},"43":{"start":{"line":44,"column":0},"end":{"line":44,"column":0}},"44":{"start":{"line":45,"column":0},"end":{"line":45,"column":39}},"45":{"start":{"line":46,"column":0},"end":{"line":46,"column":35}},"46":{"start":{"line":47,"column":0},"end":{"line":47,"column":20}},"47":{"start":{"line":48,"column":0},"end":{"line":48,"column":12}},"48":{"start":{"line":49,"column":0},"end":{"line":49,"column":22}},"49":{"start":{"line":50,"column":0},"end":{"line":50,"column":5}},"50":{"start":{"line":51,"column":0},"end":{"line":51,"column":3}},"51":{"start":{"line":52,"column":0},"end":{"line":52,"column":0}},"52":{"start":{"line":53,"column":0},"end":{"line":53,"column":37}},"53":{"start":{"line":54,"column":0},"end":{"line":54,"column":39}},"54":{"start":{"line":55,"column":0},"end":{"line":55,"column":52}},"55":{"start":{"line":56,"column":0},"end":{"line":56,"column":3}},"56":{"start":{"line":57,"column":0},"end":{"line":57,"column":0}},"57":{"start":{"line":58,"column":0},"end":{"line":58,"column":64}},"58":{"start":{"line":59,"column":0},"end":{"line":59,"column":91}},"59":{"start":{"line":60,"column":0},"end":{"line":60,"column":64}},"60":{"start":{"line":61,"column":0},"end":{"line":61,"column":2}},"61":{"start":{"line":62,"column":0},"end":{"line":62,"column":65}},"62":{"start":{"line":63,"column":0},"end":{"line":63,"column":78}},"63":{"start":{"line":64,"column":0},"end":{"line":64,"column":33}},"64":{"start":{"line":65,"column":0},"end":{"line":65,"column":2}},"65":{"start":{"line":66,"column":0},"end":{"line":66,"column":58}},"66":{"start":{"line":67,"column":0},"end":{"line":67,"column":60}},"67":{"start":{"line":68,"column":0},"end":{"line":68,"column":84}},"68":{"start":{"line":69,"column":0},"end":{"line":69,"column":42}},"69":{"start":{"line":70,"column":0},"end":{"line":70,"column":41}},"70":{"start":{"line":71,"column":0},"end":{"line":71,"column":18}},"71":{"start":{"line":72,"column":0},"end":{"line":72,"column":2}},"72":{"start":{"line":73,"column":0},"end":{"line":73,"column":67}},"73":{"start":{"line":74,"column":0},"end":{"line":74,"column":0}},"74":{"start":{"line":75,"column":0},"end":{"line":75,"column":10}},"75":{"start":{"line":76,"column":0},"end":{"line":76,"column":43}},"76":{"start":{"line":77,"column":0},"end":{"line":77,"column":13}},"77":{"start":{"line":78,"column":0},"end":{"line":78,"column":16}},"78":{"start":{"line":79,"column":0},"end":{"line":79,"column":36}},"79":{"start":{"line":80,"column":0},"end":{"line":80,"column":32}},"80":{"start":{"line":81,"column":0},"end":{"line":81,"column":3}},"81":{"start":{"line":82,"column":0},"end":{"line":82,"column":1}},"82":{"start":{"line":83,"column":0},"end":{"line":83,"column":0}},"83":{"start":{"line":84,"column":0},"end":{"line":84,"column":3}},"84":{"start":{"line":85,"column":0},"end":{"line":85,"column":63}},"85":{"start":{"line":86,"column":0},"end":{"line":86,"column":3}},"86":{"start":{"line":87,"column":0},"end":{"line":87,"column":72}},"87":{"start":{"line":88,"column":0},"end":{"line":88,"column":0}},"88":{"start":{"line":89,"column":0},"end":{"line":89,"column":105}},"89":{"start":{"line":90,"column":0},"end":{"line":90,"column":35}},"90":{"start":{"line":91,"column":0},"end":{"line":91,"column":59}},"91":{"start":{"line":92,"column":0},"end":{"line":92,"column":0}},"92":{"start":{"line":93,"column":0},"end":{"line":93,"column":39}},"93":{"start":{"line":94,"column":0},"end":{"line":94,"column":27}},"94":{"start":{"line":95,"column":0},"end":{"line":95,"column":32}},"95":{"start":{"line":96,"column":0},"end":{"line":96,"column":72}},"96":{"start":{"line":97,"column":0},"end":{"line":97,"column":14}},"97":{"start":{"line":98,"column":0},"end":{"line":98,"column":53}},"98":{"start":{"line":99,"column":0},"end":{"line":99,"column":7}},"99":{"start":{"line":100,"column":0},"end":{"line":100,"column":36}},"100":{"start":{"line":101,"column":0},"end":{"line":101,"column":29}},"101":{"start":{"line":102,"column":0},"end":{"line":102,"column":12}},"102":{"start":{"line":103,"column":0},"end":{"line":103,"column":29}},"103":{"start":{"line":104,"column":0},"end":{"line":104,"column":5}},"104":{"start":{"line":105,"column":0},"end":{"line":105,"column":3}},"105":{"start":{"line":106,"column":0},"end":{"line":106,"column":0}},"106":{"start":{"line":107,"column":0},"end":{"line":107,"column":17}},"107":{"start":{"line":108,"column":0},"end":{"line":108,"column":1}}},"s":{"0":1,"1":1,"2":1,"3":1,"4":1,"5":1,"6":1,"7":1,"8":1,"9":1,"10":1,"11":1,"12":1,"13":1,"14":1,"15":1,"16":1,"17":32,"18":31,"19":31,"20":31,"21":31,"22":1,"23":1,"24":1,"25":1,"26":1,"27":1,"28":1,"29":43,"30":41,"31":41,"32":41,"33":1,"34":1,"35":1,"36":1,"37":1,"38":1,"39":1,"40":33,"41":33,"42":33,"43":33,"44":33,"45":93,"46":86,"47":93,"48":7,"49":7,"50":93,"51":33,"52":33,"53":33,"54":2,"55":2,"56":33,"57":33,"58":33,"59":33,"60":33,"61":33,"62":33,"63":33,"64":33,"65":33,"66":33,"67":33,"68":33,"69":5,"70":28,"71":33,"72":33,"73":33,"74":33,"75":33,"76":33,"77":33,"78":33,"79":33,"80":33,"81":33,"82":1,"83":1,"84":1,"85":1,"86":1,"87":1,"88":1,"89":30,"90":30,"91":30,"92":30,"93":218,"94":96,"95":89,"96":96,"97":7,"98":7,"99":218,"100":20,"101":122,"102":102,"103":102,"104":218,"105":30,"106":30,"107":30},"branchMap":{"0":{"type":"branch","line":17,"loc":{"start":{"line":17,"column":28},"end":{"line":22,"column":1}},"locations":[{"start":{"line":17,"column":28},"end":{"line":22,"column":1}}]},"1":{"type":"branch","line":18,"loc":{"start":{"line":18,"column":25},"end":{"line":18,"column":33}},"locations":[{"start":{"line":18,"column":25},"end":{"line":18,"column":33}}]},"2":{"type":"branch","line":18,"loc":{"start":{"line":18,"column":32},"end":{"line":22,"column":1}},"locations":[{"start":{"line":18,"column":32},"end":{"line":22,"column":1}}]},"3":{"type":"branch","line":29,"loc":{"start":{"line":29,"column":33},"end":{"line":33,"column":1}},"locations":[{"start":{"line":29,"column":33},"end":{"line":33,"column":1}}]},"4":{"type":"branch","line":30,"loc":{"start":{"line":30,"column":24},"end":{"line":30,"column":34}},"locations":[{"start":{"line":30,"column":24},"end":{"line":30,"column":34}}]},"5":{"type":"branch","line":30,"loc":{"start":{"line":30,"column":31},"end":{"line":33,"column":1}},"locations":[{"start":{"line":30,"column":31},"end":{"line":33,"column":1}}]},"6":{"type":"branch","line":40,"loc":{"start":{"line":40,"column":27},"end":{"line":82,"column":1}},"locations":[{"start":{"line":40,"column":27},"end":{"line":82,"column":1}}]},"7":{"type":"branch","line":45,"loc":{"start":{"line":45,"column":38},"end":{"line":51,"column":3}},"locations":[{"start":{"line":45,"column":38},"end":{"line":51,"column":3}}]},"8":{"type":"branch","line":46,"loc":{"start":{"line":46,"column":34},"end":{"line":48,"column":11}},"locations":[{"start":{"line":46,"column":34},"end":{"line":48,"column":11}}]},"9":{"type":"branch","line":48,"loc":{"start":{"line":48,"column":4},"end":{"line":50,"column":5}},"locations":[{"start":{"line":48,"column":4},"end":{"line":50,"column":5}}]},"10":{"type":"branch","line":54,"loc":{"start":{"line":54,"column":38},"end":{"line":56,"column":3}},"locations":[{"start":{"line":54,"column":38},"end":{"line":56,"column":3}}]},"11":{"type":"branch","line":60,"loc":{"start":{"line":60,"column":34},"end":{"line":60,"column":50}},"locations":[{"start":{"line":60,"column":34},"end":{"line":60,"column":50}}]},"12":{"type":"branch","line":60,"loc":{"start":{"line":60,"column":38},"end":{"line":60,"column":64}},"locations":[{"start":{"line":60,"column":38},"end":{"line":60,"column":64}}]},"13":{"type":"branch","line":69,"loc":{"start":{"line":69,"column":40},"end":{"line":70,"column":41}},"locations":[{"start":{"line":69,"column":40},"end":{"line":70,"column":41}}]},"14":{"type":"branch","line":70,"loc":{"start":{"line":70,"column":40},"end":{"line":71,"column":18}},"locations":[{"start":{"line":70,"column":40},"end":{"line":71,"column":18}}]},"15":{"type":"branch","line":89,"loc":{"start":{"line":89,"column":31},"end":{"line":108,"column":1}},"locations":[{"start":{"line":89,"column":31},"end":{"line":108,"column":1}}]},"16":{"type":"branch","line":93,"loc":{"start":{"line":93,"column":38},"end":{"line":105,"column":3}},"locations":[{"start":{"line":93,"column":38},"end":{"line":105,"column":3}}]},"17":{"type":"branch","line":94,"loc":{"start":{"line":94,"column":26},"end":{"line":100,"column":15}},"locations":[{"start":{"line":94,"column":26},"end":{"line":100,"column":15}}]},"18":{"type":"branch","line":95,"loc":{"start":{"line":95,"column":31},"end":{"line":97,"column":13}},"locations":[{"start":{"line":95,"column":31},"end":{"line":97,"column":13}}]},"19":{"type":"branch","line":96,"loc":{"start":{"line":96,"column":45},"end":{"line":96,"column":61}},"locations":[{"start":{"line":96,"column":45},"end":{"line":96,"column":61}}]},"20":{"type":"branch","line":96,"loc":{"start":{"line":96,"column":49},"end":{"line":96,"column":72}},"locations":[{"start":{"line":96,"column":49},"end":{"line":96,"column":72}}]},"21":{"type":"branch","line":97,"loc":{"start":{"line":97,"column":6},"end":{"line":99,"column":7}},"locations":[{"start":{"line":97,"column":6},"end":{"line":99,"column":7}}]},"22":{"type":"branch","line":100,"loc":{"start":{"line":100,"column":4},"end":{"line":104,"column":5}},"locations":[{"start":{"line":100,"column":4},"end":{"line":104,"column":5}}]},"23":{"type":"branch","line":100,"loc":{"start":{"line":100,"column":35},"end":{"line":102,"column":11}},"locations":[{"start":{"line":100,"column":35},"end":{"line":102,"column":11}}]},"24":{"type":"branch","line":102,"loc":{"start":{"line":102,"column":4},"end":{"line":104,"column":5}},"locations":[{"start":{"line":102,"column":4},"end":{"line":104,"column":5}}]}},"b":{"0":[32],"1":[1],"2":[31],"3":[43],"4":[2],"5":[41],"6":[33],"7":[93],"8":[86],"9":[7],"10":[2],"11":[5],"12":[28],"13":[5],"14":[28],"15":[30],"16":[218],"17":[96],"18":[89],"19":[82],"20":[7],"21":[7],"22":[122],"23":[20],"24":[102]},"fnMap":{"0":{"name":"calculateWpm","decl":{"start":{"line":17,"column":28},"end":{"line":22,"column":1}},"loc":{"start":{"line":17,"column":28},"end":{"line":22,"column":1}},"line":17},"1":{"name":"calculateAccuracy","decl":{"start":{"line":29,"column":33},"end":{"line":33,"column":1}},"loc":{"start":{"line":29,"column":33},"end":{"line":33,"column":1}},"line":29},"2":{"name":"compareText","decl":{"start":{"line":40,"column":27},"end":{"line":82,"column":1}},"loc":{"start":{"line":40,"column":27},"end":{"line":82,"column":1}},"line":40},"3":{"name":"getCharStatuses","decl":{"start":{"line":89,"column":31},"end":{"line":108,"column":1}},"loc":{"start":{"line":89,"column":31},"end":{"line":108,"column":1}},"line":89}},"f":{"0":32,"1":43,"2":33,"3":30}}
}
